 
********************************************************************************
SCREAMER v4.4.3 Circuit Analysis Code:                                          
********************************************************************************
 
 
********************************************************************************
Brick Model with 50264 switch                                                   
********************************************************************************
 
 Time step          9.99999996E-13
 Default Res-time   9.99999972E-10
 End time           1.50000005E-06
 Number of prints           5
 max-pnts stored        20001

 
********************************************************************************
Listing of the User Circuit                                                     
********************************************************************************
 
 
************ Branch  1 ************
 Block   1 : resistor and capacitor to ground.
   R1= 1.000E+12   C1= 4.000E-08
  Initial condition: Voltage on C1 =    2.000E+05
 TXT Output Request for block   1.    Variable: Voltage across C1      
  Values on the half time step will be used.
 TXT Output Request for block   1.    Variable: Energy Stored in C1    
  Values on the half time step will be used.
 Block   2 : resistor and inductor in series.
   R2= 1.300E-01   L2= 5.500E-08
 TXT Output Request for block   2.    Variable: Energy Dissipated in R2
  Values on the half time step will be used.
 Block   3 : resistor and inductor in series.
   R2= 1.000E+10   L2= 6.000E-08
     R2 is a variable element in block   3
      SW1 model  :
      DIEL1=AIR  TBD1= 0.000E+00  DM1= 1.346E-02  ATM1= 6.000E+00  XSW1= 1.000E+00  XCH1= 1.000E+00
 TXT Output Request for block   3.    Variable: Value of R2            
  Values on the half time step will be used.
 TXT Output Request for block   3.    Variable: Energy Dissipated in R2
  Values on the half time step will be used.
 TXT Output Request for block   3.    Variable: Gas Ch Radius          
  Values on the half time step will be used.
 Block   4 : resistor and inductor in series.
   R2= 0.000E+00   L2= 6.000E-08
 Block   5 : resistor and capacitor to ground.
   R1= 2.500E+00   C1= 0.000E+00
 TXT Output Request for block   5.    Variable: Current in R1          
  Values on the half time step will be used.
 TXT Output Request for block   5.    Variable: Charge through R1      
  Values on the half time step will be used.
 TXT Output Request for block   5.    Variable: Voltage across R1      
  Values on the half time step will be used.
 TXT Output Request for block   5.    Variable: Power Dissipated in R1 
  Values on the half time step will be used.
 TXT Output Request for block   5.    Variable: Energy Dissipated in R1
  Values on the half time step will be used.
 
********************************************************************************
Initial SCREAMER Circuit Status                                                 
********************************************************************************
 

Time =  0.000E+00     Cycle =       0
Energy from all sources:                           8.0000E+02
L*I*I/2    energy stored in inductors:             0.0000E+00
C*V*V/2    energy stored in capacitors:            8.0000E+02
G*V*V      energy dissipated in shunt resistors:   0.0000E+00
R*I*I      energy dissipated in series resistors:  0.0000E+00
Ldot*I*I/2 energy in variable inductors:           0.0000E+00
Cdot*V*V/2 energy in variable capacitors:          0.0000E+00
Relative error in energy sum:                      0.0000E+00
 
********************************************************************************
SCREAMER Circuit Status for t > 0                                               
********************************************************************************
 

Time =  3.000E-07     Cycle =  300000
Energy from all sources:                           8.0000E+02
L*I*I/2    energy stored in inductors:             6.9180E+00
C*V*V/2    energy stored in capacitors:            3.3305E-01
G*V*V      energy dissipated in shunt resistors:   6.6247E+02
R*I*I      energy dissipated in series resistors:  1.2960E+02
Ldot*I*I/2 energy in variable inductors:           0.0000E+00
Cdot*V*V/2 energy in variable capacitors:          0.0000E+00
Relative error in energy sum:                     -8.4488E-04

Time =  6.000E-07     Cycle =  600000
Energy from all sources:                           8.0000E+02
L*I*I/2    energy stored in inductors:             1.2398E-01
C*V*V/2    energy stored in capacitors:            1.0828E-02
G*V*V      energy dissipated in shunt resistors:   6.6646E+02
R*I*I      energy dissipated in series resistors:  1.2992E+02
Ldot*I*I/2 energy in variable inductors:           0.0000E+00
Cdot*V*V/2 energy in variable capacitors:          0.0000E+00
Relative error in energy sum:                     -4.3672E-03

Time =  9.000E-07     Cycle =  900000
Energy from all sources:                           8.0000E+02
L*I*I/2    energy stored in inductors:             1.4438E-03
C*V*V/2    energy stored in capacitors:            5.7510E-04
G*V*V      energy dissipated in shunt resistors:   6.6646E+02
R*I*I      energy dissipated in series resistors:  1.2992E+02
Ldot*I*I/2 energy in variable inductors:           0.0000E+00
Cdot*V*V/2 energy in variable capacitors:          0.0000E+00
Relative error in energy sum:                     -4.5332E-03

Time =  1.200E-06     Cycle = 1200000
Energy from all sources:                           8.0000E+02
L*I*I/2    energy stored in inductors:             1.1862E-05
C*V*V/2    energy stored in capacitors:            1.0927E-05
G*V*V      energy dissipated in shunt resistors:   6.6646E+02
R*I*I      energy dissipated in series resistors:  1.2992E+02
Ldot*I*I/2 energy in variable inductors:           0.0000E+00
Cdot*V*V/2 energy in variable capacitors:          0.0000E+00
Relative error in energy sum:                     -4.5357E-03

Time =  1.500E-06     Cycle = 1500000
Energy from all sources:                           8.0000E+02
L*I*I/2    energy stored in inductors:             6.4559E-08
C*V*V/2    energy stored in capacitors:            1.3219E-07
G*V*V      energy dissipated in shunt resistors:   6.6646E+02
R*I*I      energy dissipated in series resistors:  1.2992E+02
Ldot*I*I/2 energy in variable inductors:           0.0000E+00
Cdot*V*V/2 energy in variable capacitors:          0.0000E+00
Relative error in energy sum:                     -4.5357E-03
 
********************************************************************************
End of Simulation                                                               
********************************************************************************
 

The SCREAMER input file used: brick_50264.txt                                                                 
 Current time: 08:25
 Run time:    4.289 seconds
SCREAMER v4.4.3
