 
********************************************************************************
SCREAMER v4.4.3 Circuit Analysis Code:                                          
********************************************************************************
 
 
********************************************************************************
Cinco Brick Model with a planar switch                                          
********************************************************************************
 
 Time step          9.99999996E-13
 Default Res-time   9.99999972E-10
 End time           2.49999994E-06
 Number of prints           5
 max-pnts stored        20001

 
********************************************************************************
Listing of the User Circuit                                                     
********************************************************************************
 
 
************ Branch  1 ************
 Block   1 : resistor and capacitor to ground.
   R1= 1.000E+12   C1= 2.800E-07
  Initial condition: Voltage on C1 =    1.000E+05
 TXT Output Request for block   1.    Variable: Voltage across C1      
  Values on the half time step will be used.
 TXT Output Request for block   1.    Variable: Energy Stored in C1    
  Values on the half time step will be used.
 Block   2 : resistor and inductor in series.
   R2= 6.500E-02   L2= 8.000E-08
 TXT Output Request for block   2.    Variable: Energy Dissipated in R2
  Values on the half time step will be used.
 Block   3 : resistor and inductor in series.
   R2= 1.000E+10   L2= 1.000E-08
     R2 is a variable element in block   3
      SW1 model  :
      DIEL1=AIR  TBD1= 0.000E+00  DM1= 4.200E-02  ATM1= 1.000E+00  XSW1= 1.000E+00  XCH1= 5.000E+00
 TXT Output Request for block   3.    Variable: Value of R2            
  Values on the half time step will be used.
 TXT Output Request for block   3.    Variable: Energy Dissipated in R2
  Values on the half time step will be used.
 TXT Output Request for block   3.    Variable: Gas Ch Radius          
  Values on the half time step will be used.
 Block   4 : resistor and inductor in series.
   R2= 0.000E+00   L2= 1.500E-08
 Block   5 : resistor and capacitor to ground.
   R1= 7.000E-01   C1= 0.000E+00
 TXT Output Request for block   5.    Variable: Current in R1          
  Values on the half time step will be used.
 TXT Output Request for block   5.    Variable: Charge through R1      
  Values on the half time step will be used.
 TXT Output Request for block   5.    Variable: Voltage across R1      
  Values on the half time step will be used.
 TXT Output Request for block   5.    Variable: Power Dissipated in R1 
  Values on the half time step will be used.
 TXT Output Request for block   5.    Variable: Energy Dissipated in R1
  Values on the half time step will be used.
 
********************************************************************************
Initial SCREAMER Circuit Status                                                 
********************************************************************************
 

Time =  0.000E+00     Cycle =       0
Energy from all sources:                           1.4000E+03
L*I*I/2    energy stored in inductors:             0.0000E+00
C*V*V/2    energy stored in capacitors:            1.4000E+03
G*V*V      energy dissipated in shunt resistors:   0.0000E+00
R*I*I      energy dissipated in series resistors:  0.0000E+00
Ldot*I*I/2 energy in variable inductors:           0.0000E+00
Cdot*V*V/2 energy in variable capacitors:          0.0000E+00
Relative error in energy sum:                      0.0000E+00
 
********************************************************************************
SCREAMER Circuit Status for t > 0                                               
********************************************************************************
 

Time =  5.000E-07     Cycle =  500000
Energy from all sources:                           1.4000E+03
L*I*I/2    energy stored in inductors:             6.4602E+01
C*V*V/2    energy stored in capacitors:            1.0658E+01
G*V*V      energy dissipated in shunt resistors:   1.0463E+03
R*I*I      energy dissipated in series resistors:  2.8506E+02
Ldot*I*I/2 energy in variable inductors:           0.0000E+00
Cdot*V*V/2 energy in variable capacitors:          0.0000E+00
Relative error in energy sum:                      4.7656E-03

Time =  1.000E-06     Cycle = 1000000
Energy from all sources:                           1.4000E+03
L*I*I/2    energy stored in inductors:             1.0742E+00
C*V*V/2    energy stored in capacitors:            1.5034E+00
G*V*V      energy dissipated in shunt resistors:   1.1071E+03
R*I*I      energy dissipated in series resistors:  2.9364E+02
Ldot*I*I/2 energy in variable inductors:           0.0000E+00
Cdot*V*V/2 energy in variable capacitors:          0.0000E+00
Relative error in energy sum:                      2.3870E-03

Time =  1.500E-06     Cycle = 1500000
Energy from all sources:                           1.4000E+03
L*I*I/2    energy stored in inductors:             6.5948E-05
C*V*V/2    energy stored in capacitors:            2.3281E-02
G*V*V      energy dissipated in shunt resistors:   1.1071E+03
R*I*I      energy dissipated in series resistors:  2.9364E+02
Ldot*I*I/2 energy in variable inductors:           0.0000E+00
Cdot*V*V/2 energy in variable capacitors:          0.0000E+00
Relative error in energy sum:                      5.6257E-04

Time =  2.000E-06     Cycle = 2000000
Energy from all sources:                           1.4000E+03
L*I*I/2    energy stored in inductors:             5.0552E-04
C*V*V/2    energy stored in capacitors:            1.7929E-09
G*V*V      energy dissipated in shunt resistors:   1.1071E+03
R*I*I      energy dissipated in series resistors:  2.9364E+02
Ldot*I*I/2 energy in variable inductors:           0.0000E+00
Cdot*V*V/2 energy in variable capacitors:          0.0000E+00
Relative error in energy sum:                      5.4618E-04

Time =  2.500E-06     Cycle = 2500000
Energy from all sources:                           1.4000E+03
L*I*I/2    energy stored in inductors:             1.9184E-05
C*V*V/2    energy stored in capacitors:            1.2609E-05
G*V*V      energy dissipated in shunt resistors:   1.1071E+03
R*I*I      energy dissipated in series resistors:  2.9364E+02
Ldot*I*I/2 energy in variable inductors:           0.0000E+00
Cdot*V*V/2 energy in variable capacitors:          0.0000E+00
Relative error in energy sum:                      5.4583E-04
 
********************************************************************************
End of Simulation                                                               
********************************************************************************
 

The SCREAMER input file used: cinco_1_brick_.7ohm.txt                                                         
 Current time: 08:19
 Run time:   10.020 seconds
SCREAMER v4.4.3
