 
********************************************************************************
SCREAMER v4.4.3 Circuit Analysis Code:                                          
********************************************************************************
 
 
********************************************************************************
Voltage uniformity across a photocathode                                        
********************************************************************************
 
 Time step          4.99999991E-14
 Default Res-time   9.99999996E-13
 End time           2.50000003E-08
 Number of prints           5
 max-pnts stored         4001

 
********************************************************************************
Listing of the User Circuit                                                     
********************************************************************************
 
 
************ Branch  1 ************
 Block   1 : voltage source described as a function of time.
   R2= 5.000E+01   L2= 0.000E+00
     Scale= 2.000E+03   Tdelay= 0.000E+00
     Tabular function:
       Point      Time           Voltage   
           1      0.000E+00      0.000E+00
           2      2.000E-11     -7.881E-02
           3      4.000E-11     -1.487E-01
           4      6.000E-11     -2.109E-01
           5      8.000E-11     -2.665E-01
           6      1.000E-10     -3.164E-01
           7      1.200E-10     -3.614E-01
           8      1.400E-10     -4.021E-01
           9      1.600E-10     -4.391E-01
          10      1.800E-10     -4.727E-01
          11      2.000E-10     -5.034E-01
          12      2.200E-10     -5.314E-01
          13      2.400E-10     -5.572E-01
          14      2.600E-10     -5.809E-01
          15      2.800E-10     -6.028E-01
          16      3.000E-10     -6.229E-01
          17      3.200E-10     -6.416E-01
          18      3.400E-10     -6.589E-01
          19      3.600E-10     -6.750E-01
          20      3.800E-10     -6.900E-01
          21      4.000E-10     -7.040E-01
          22      4.200E-10     -7.170E-01
          23      4.400E-10     -7.292E-01
          24      4.600E-10     -7.407E-01
          25      4.800E-10     -7.514E-01
          26      5.000E-10     -7.615E-01
          27      5.200E-10     -7.709E-01
          28      5.400E-10     -7.799E-01
          29      5.600E-10     -7.883E-01
          30      5.800E-10     -7.962E-01
          31      6.000E-10     -8.037E-01
          32      6.200E-10     -8.108E-01
          33      6.400E-10     -8.175E-01
          34      6.600E-10     -8.239E-01
          35      6.800E-10     -8.299E-01
          36      7.000E-10     -8.356E-01
          37      7.200E-10     -8.411E-01
          38      7.400E-10     -8.462E-01
          39      7.600E-10     -8.512E-01
          40      7.800E-10     -8.559E-01
          41      8.000E-10     -8.604E-01
          42      8.200E-10     -8.646E-01
          43      8.400E-10     -8.687E-01
          44      8.600E-10     -8.726E-01
          45      8.800E-10     -8.763E-01
          46      9.000E-10     -8.799E-01
          47      9.200E-10     -8.833E-01
          48      9.400E-10     -8.866E-01
          49      9.600E-10     -8.897E-01
          50      9.800E-10     -8.927E-01
          51      1.000E-09     -8.956E-01
          52      1.020E-09     -8.984E-01
          53      1.040E-09     -9.010E-01
          54      1.060E-09     -9.036E-01
          55      1.080E-09     -9.061E-01
          56      1.100E-09     -9.084E-01
          57      1.120E-09     -9.107E-01
          58      1.140E-09     -9.129E-01
          59      1.160E-09     -9.150E-01
          60      1.180E-09     -9.171E-01
          61      1.200E-09     -9.190E-01
          62      1.220E-09     -9.209E-01
          63      1.240E-09     -9.227E-01
          64      1.260E-09     -9.245E-01
          65      1.280E-09     -9.262E-01
          66      1.300E-09     -9.279E-01
          67      1.320E-09     -9.295E-01
          68      1.340E-09     -9.310E-01
          69      1.360E-09     -9.325E-01
          70      1.380E-09     -9.340E-01
          71      1.400E-09     -9.354E-01
          72      1.420E-09     -9.367E-01
          73      1.440E-09     -9.380E-01
          74      1.460E-09     -9.393E-01
          75      1.480E-09     -9.405E-01
          76      1.500E-09     -9.417E-01
          77      1.520E-09     -9.429E-01
          78      1.540E-09     -9.440E-01
          79      1.560E-09     -9.451E-01
          80      1.580E-09     -9.462E-01
          81      1.600E-09     -9.472E-01
          82      1.620E-09     -9.482E-01
          83      1.640E-09     -9.492E-01
          84      1.660E-09     -9.501E-01
          85      1.680E-09     -9.510E-01
          86      1.700E-09     -9.519E-01
          87      1.720E-09     -9.528E-01
          88      1.740E-09     -9.537E-01
          89      1.760E-09     -9.545E-01
          90      1.780E-09     -9.553E-01
          91      1.800E-09     -9.561E-01
          92      1.820E-09     -9.568E-01
          93      1.840E-09     -9.576E-01
          94      1.860E-09     -9.583E-01
          95      1.880E-09     -9.590E-01
          96      1.900E-09     -9.597E-01
          97      1.920E-09     -9.604E-01
          98      1.940E-09     -9.610E-01
          99      1.960E-09     -9.617E-01
         100      1.980E-09     -9.623E-01
         101      2.000E-09     -9.629E-01
         102      2.500E-08     -1.000E+00
 TXT Output Request for block   1.    Variable: Output Voltage         
  Values on the half time step will be used.
 TXT Output Request for block   1.    Variable: Output Current         
  Values on the half time step will be used.
 Block   2 : Transmission line with impedance varying linearly     
   Tau= 1.000E-08   Zin= 5.000E+01   Zout= 5.000E+01   Tres= 1.000E-12
 TXT Output Request for block   2.    Variable: Output Voltage         
  Values on the half time step will be used.
 TXT Output Request for block   2.    Variable: Output Current         
  Values on the half time step will be used.
 Block   3 : Transmission line with impedance varying linearly     
   Tau= 1.668E-11   Zin= 2.500E+01   Zout= 2.500E+01   Tres= 1.000E-12
 TXT Output Request for block   3.    Variable: Output Voltage         
  Values on the half time step will be used.
 Block   4 : Transmission line with impedance varying linearly     
   Tau= 1.668E-11   Zin= 2.500E+01   Zout= 2.500E+01   Tres= 1.000E-12
 TXT Output Request for block   4.    Variable: Output Voltage         
  Values on the half time step will be used.
 Block   5 : Transmission line with impedance varying linearly     
   Tau= 1.668E-11   Zin= 2.500E+01   Zout= 2.500E+01   Tres= 1.000E-12
 TXT Output Request for block   5.    Variable: Output Voltage         
  Values on the half time step will be used.
 Block   6 : Transmission line with impedance varying linearly     
   Tau= 1.668E-11   Zin= 2.500E+01   Zout= 2.500E+01   Tres= 1.000E-12
 TXT Output Request for block   6.    Variable: Output Voltage         
  Values on the half time step will be used.
 Block   7 : Transmission line with impedance varying linearly     
   Tau= 1.668E-11   Zin= 2.500E+01   Zout= 2.500E+01   Tres= 1.000E-12
 TXT Output Request for block   7.    Variable: Output Voltage         
  Values on the half time step will be used.
 Block   8 : Transmission line with impedance varying linearly     
   Tau= 1.668E-11   Zin= 2.500E+01   Zout= 2.500E+01   Tres= 1.000E-12
 TXT Output Request for block   8.    Variable: Output Voltage         
  Values on the half time step will be used.
 Block   9 : Transmission line with impedance varying linearly     
   Tau= 1.668E-11   Zin= 2.500E+01   Zout= 2.500E+01   Tres= 1.000E-12
 TXT Output Request for block   9.    Variable: Output Voltage         
  Values on the half time step will be used.
 Block  10 : Transmission line with impedance varying linearly     
   Tau= 1.668E-11   Zin= 2.500E+01   Zout= 2.500E+01   Tres= 1.000E-12
 TXT Output Request for block  10.    Variable: Output Voltage         
  Values on the half time step will be used.
 Block  11 : Transmission line with impedance varying linearly     
   Tau= 1.668E-11   Zin= 2.500E+01   Zout= 2.500E+01   Tres= 1.000E-12
 TXT Output Request for block  11.    Variable: Output Voltage         
  Values on the half time step will be used.
 Block  12 : Transmission line with impedance varying linearly     
   Tau= 1.668E-11   Zin= 2.500E+01   Zout= 2.500E+01   Tres= 1.000E-12
 TXT Output Request for block  12.    Variable: Output Voltage         
  Values on the half time step will be used.
 Block  13 : Transmission line with impedance varying linearly     
   Tau= 1.000E-08   Zin= 5.000E+01   Zout= 5.000E+01   Tres= 1.000E-12
 Block  14 : resistor and capacitor to ground.
   R1= 1.000E+06   C1= 0.000E+00
 ***** Block  14 has an end branch exiting it (branch  2) *****
 Block  15 : resistor and capacitor to ground.
   R1= 1.000E+04   C1= 0.000E+00
 
************ Branch  2 ************
 Block   1 : end-of-branch voltage source described as a function of time.
   R2= 5.000E+01   L2= 0.000E+00
     Scale= 2.000E+03   Tdelay= 0.000E+00
     Tabular function:
       Point      Time           Voltage   
           1      0.000E+00      0.000E+00
           2      2.000E-11     -7.881E-02
           3      4.000E-11     -1.487E-01
           4      6.000E-11     -2.109E-01
           5      8.000E-11     -2.665E-01
           6      1.000E-10     -3.164E-01
           7      1.200E-10     -3.614E-01
           8      1.400E-10     -4.021E-01
           9      1.600E-10     -4.391E-01
          10      1.800E-10     -4.727E-01
          11      2.000E-10     -5.034E-01
          12      2.200E-10     -5.314E-01
          13      2.400E-10     -5.572E-01
          14      2.600E-10     -5.809E-01
          15      2.800E-10     -6.028E-01
          16      3.000E-10     -6.229E-01
          17      3.200E-10     -6.416E-01
          18      3.400E-10     -6.589E-01
          19      3.600E-10     -6.750E-01
          20      3.800E-10     -6.900E-01
          21      4.000E-10     -7.040E-01
          22      4.200E-10     -7.170E-01
          23      4.400E-10     -7.292E-01
          24      4.600E-10     -7.407E-01
          25      4.800E-10     -7.514E-01
          26      5.000E-10     -7.615E-01
          27      5.200E-10     -7.709E-01
          28      5.400E-10     -7.799E-01
          29      5.600E-10     -7.883E-01
          30      5.800E-10     -7.962E-01
          31      6.000E-10     -8.037E-01
          32      6.200E-10     -8.108E-01
          33      6.400E-10     -8.175E-01
          34      6.600E-10     -8.239E-01
          35      6.800E-10     -8.299E-01
          36      7.000E-10     -8.356E-01
          37      7.200E-10     -8.411E-01
          38      7.400E-10     -8.462E-01
          39      7.600E-10     -8.512E-01
          40      7.800E-10     -8.559E-01
          41      8.000E-10     -8.604E-01
          42      8.200E-10     -8.646E-01
          43      8.400E-10     -8.687E-01
          44      8.600E-10     -8.726E-01
          45      8.800E-10     -8.763E-01
          46      9.000E-10     -8.799E-01
          47      9.200E-10     -8.833E-01
          48      9.400E-10     -8.866E-01
          49      9.600E-10     -8.897E-01
          50      9.800E-10     -8.927E-01
          51      1.000E-09     -8.956E-01
          52      1.020E-09     -8.984E-01
          53      1.040E-09     -9.010E-01
          54      1.060E-09     -9.036E-01
          55      1.080E-09     -9.061E-01
          56      1.100E-09     -9.084E-01
          57      1.120E-09     -9.107E-01
          58      1.140E-09     -9.129E-01
          59      1.160E-09     -9.150E-01
          60      1.180E-09     -9.171E-01
          61      1.200E-09     -9.190E-01
          62      1.220E-09     -9.209E-01
          63      1.240E-09     -9.227E-01
          64      1.260E-09     -9.245E-01
          65      1.280E-09     -9.262E-01
          66      1.300E-09     -9.279E-01
          67      1.320E-09     -9.295E-01
          68      1.340E-09     -9.310E-01
          69      1.360E-09     -9.325E-01
          70      1.380E-09     -9.340E-01
          71      1.400E-09     -9.354E-01
          72      1.420E-09     -9.367E-01
          73      1.440E-09     -9.380E-01
          74      1.460E-09     -9.393E-01
          75      1.480E-09     -9.405E-01
          76      1.500E-09     -9.417E-01
          77      1.520E-09     -9.429E-01
          78      1.540E-09     -9.440E-01
          79      1.560E-09     -9.451E-01
          80      1.580E-09     -9.462E-01
          81      1.600E-09     -9.472E-01
          82      1.620E-09     -9.482E-01
          83      1.640E-09     -9.492E-01
          84      1.660E-09     -9.501E-01
          85      1.680E-09     -9.510E-01
          86      1.700E-09     -9.519E-01
          87      1.720E-09     -9.528E-01
          88      1.740E-09     -9.537E-01
          89      1.760E-09     -9.545E-01
          90      1.780E-09     -9.553E-01
          91      1.800E-09     -9.561E-01
          92      1.820E-09     -9.568E-01
          93      1.840E-09     -9.576E-01
          94      1.860E-09     -9.583E-01
          95      1.880E-09     -9.590E-01
          96      1.900E-09     -9.597E-01
          97      1.920E-09     -9.604E-01
          98      1.940E-09     -9.610E-01
          99      1.960E-09     -9.617E-01
         100      1.980E-09     -9.623E-01
         101      2.000E-09     -9.629E-01
         102      2.500E-08     -1.000E+00
 TXT Output Request for block   1.    Variable: Output Voltage         
  Values on the half time step will be used.
 TXT Output Request for block   1.    Variable: Output Current         
  Values on the half time step will be used.
 
********************************************************************************
SCREAMER Setup Parameters (for debugging)                                       
********************************************************************************
 

      Set-up Parameters For Screamer Code

          HT          Tres         Tmax         Nprint  NB
      0.500E-13  0.100E-11  0.250E-07     5     2


 BR BL BT  IV  IB  I C IO      P1          P2          P3          P4          P5          P6          P7          P8
  1    1    5    0    0    0    0   5.000E+01 0.000E+00 0.000E+00 0.000E+00 0.000E+00 0.000E+00 0.000E+00 0.000E+00
  1    2    1    0    0    0    5   0.000E+00 0.000E+00 0.000E+00 0.000E+00 0.000E+00 0.000E+00 0.000E+00 0.000E+00
  1    3    1    0    0    0    5   0.000E+00 0.000E+00 0.000E+00 0.000E+00 0.000E+00 0.000E+00 0.000E+00 0.000E+00
  1    4    0    0    0    0    0   1.000E-08 5.000E+01 5.000E+01 1.000E-12 0.000E+00 0.000E+00 0.000E+00 0.000E+00
  1    5    1    0    0    0    5   0.000E+00 0.000E+00 0.000E+00 0.000E+00 0.000E+00 0.000E+00 0.000E+00 0.000E+00
  1    6    1    0    0    0    5   0.000E+00 0.000E+00 0.000E+00 0.000E+00 0.000E+00 0.000E+00 0.000E+00 0.000E+00
  1    7    0    0    0    0    0   1.668E-11 2.500E+01 2.500E+01 1.000E-12 0.000E+00 0.000E+00 0.000E+00 0.000E+00
  1    8    1    0    0    0    5   0.000E+00 0.000E+00 0.000E+00 0.000E+00 0.000E+00 0.000E+00 0.000E+00 0.000E+00
  1    9    0    0    0    0    0   1.668E-11 2.500E+01 2.500E+01 1.000E-12 0.000E+00 0.000E+00 0.000E+00 0.000E+00
  1   10    1    0    0    0    5   0.000E+00 0.000E+00 0.000E+00 0.000E+00 0.000E+00 0.000E+00 0.000E+00 0.000E+00
  1   11    0    0    0    0    0   1.668E-11 2.500E+01 2.500E+01 1.000E-12 0.000E+00 0.000E+00 0.000E+00 0.000E+00
  1   12    1    0    0    0    5   0.000E+00 0.000E+00 0.000E+00 0.000E+00 0.000E+00 0.000E+00 0.000E+00 0.000E+00
  1   13    0    0    0    0    0   1.668E-11 2.500E+01 2.500E+01 1.000E-12 0.000E+00 0.000E+00 0.000E+00 0.000E+00
  1   14    1    0    0    0    5   0.000E+00 0.000E+00 0.000E+00 0.000E+00 0.000E+00 0.000E+00 0.000E+00 0.000E+00
  1   15    0    0    0    0    0   1.668E-11 2.500E+01 2.500E+01 1.000E-12 0.000E+00 0.000E+00 0.000E+00 0.000E+00
  1   16    1    0    0    0    5   0.000E+00 0.000E+00 0.000E+00 0.000E+00 0.000E+00 0.000E+00 0.000E+00 0.000E+00
  1   17    0    0    0    0    0   1.668E-11 2.500E+01 2.500E+01 1.000E-12 0.000E+00 0.000E+00 0.000E+00 0.000E+00
  1   18    1    0    0    0    5   0.000E+00 0.000E+00 0.000E+00 0.000E+00 0.000E+00 0.000E+00 0.000E+00 0.000E+00
  1   19    0    0    0    0    0   1.668E-11 2.500E+01 2.500E+01 1.000E-12 0.000E+00 0.000E+00 0.000E+00 0.000E+00
  1   20    1    0    0    0    5   0.000E+00 0.000E+00 0.000E+00 0.000E+00 0.000E+00 0.000E+00 0.000E+00 0.000E+00
  1   21    0    0    0    0    0   1.668E-11 2.500E+01 2.500E+01 1.000E-12 0.000E+00 0.000E+00 0.000E+00 0.000E+00
  1   22    1    0    0    0    5   0.000E+00 0.000E+00 0.000E+00 0.000E+00 0.000E+00 0.000E+00 0.000E+00 0.000E+00
  1   23    0    0    0    0    0   1.668E-11 2.500E+01 2.500E+01 1.000E-12 0.000E+00 0.000E+00 0.000E+00 0.000E+00
  1   24    1    0    0    0    5   0.000E+00 0.000E+00 0.000E+00 0.000E+00 0.000E+00 0.000E+00 0.000E+00 0.000E+00
  1   25    0    0    0    0    0   1.668E-11 2.500E+01 2.500E+01 1.000E-12 0.000E+00 0.000E+00 0.000E+00 0.000E+00
  1   26    1    0    0    0    5   0.000E+00 0.000E+00 0.000E+00 0.000E+00 0.000E+00 0.000E+00 0.000E+00 0.000E+00
  1   27    0    0    0    0    0   1.000E-08 5.000E+01 5.000E+01 1.000E-12 0.000E+00 0.000E+00 0.000E+00 0.000E+00
  1   28    2    0    2    0    0   1.000E+06 0.000E+00 0.000E+00 0.000E+00 0.000E+00 0.000E+00 0.000E+00 0.000E+00
  1   29    2    0    0    0    0   1.000E+04 0.000E+00 0.000E+00 0.000E+00 0.000E+00 0.000E+00 0.000E+00 0.000E+00


 BR BL BT  IV  IB  I C IO      P1          P2          P3          P4          P5          P6          P7          P8
  2    1    8    0    0    0    0   5.000E+01 0.000E+00 0.000E+00 0.000E+00 0.000E+00 0.000E+00 0.000E+00 0.000E+00
  2    2    1    0    0    0    5   0.000E+00 0.000E+00 0.000E+00 0.000E+00 0.000E+00 0.000E+00 0.000E+00 0.000E+00
  2    3    1    0    0    0    5   0.000E+00 0.000E+00 0.000E+00 0.000E+00 0.000E+00 0.000E+00 0.000E+00 0.000E+00

Transmission line types
  I  IT
  1    1
  2    1
  3    1
  4    1
  5    1
  6    1
  7    1
  8    1
  9    1
 10    1
 11    1
 12    1

Voltage source function types and parameters
I=  1     IT=  4
   I   Parameter 
   1   2.000E+03
   2   0.000E+00
   3   0.000E+00
   4   0.000E+00
   5   2.000E-11
   6  -7.881E-02
   7   4.000E-11
   8  -1.487E-01
   9   6.000E-11
  10  -2.109E-01
  11   8.000E-11
  12  -2.665E-01
  13   1.000E-10
  14  -3.164E-01
  15   1.200E-10
  16  -3.614E-01
  17   1.400E-10
  18  -4.021E-01
  19   1.600E-10
  20  -4.391E-01
  21   1.800E-10
  22  -4.727E-01
  23   2.000E-10
  24  -5.034E-01
  25   2.200E-10
  26  -5.314E-01
  27   2.400E-10
  28  -5.572E-01
  29   2.600E-10
  30  -5.809E-01
  31   2.800E-10
  32  -6.028E-01
  33   3.000E-10
  34  -6.229E-01
  35   3.200E-10
  36  -6.416E-01
  37   3.400E-10
  38  -6.589E-01
  39   3.600E-10
  40  -6.750E-01
  41   3.800E-10
  42  -6.900E-01
  43   4.000E-10
  44  -7.040E-01
  45   4.200E-10
  46  -7.170E-01
  47   4.400E-10
  48  -7.292E-01
  49   4.600E-10
  50  -7.407E-01
  51   4.800E-10
  52  -7.514E-01
  53   5.000E-10
  54  -7.615E-01
  55   5.200E-10
  56  -7.709E-01
  57   5.400E-10
  58  -7.799E-01
  59   5.600E-10
  60  -7.883E-01
  61   5.800E-10
  62  -7.962E-01
  63   6.000E-10
  64  -8.037E-01
  65   6.200E-10
  66  -8.108E-01
  67   6.400E-10
  68  -8.175E-01
  69   6.600E-10
  70  -8.239E-01
  71   6.800E-10
  72  -8.299E-01
  73   7.000E-10
  74  -8.356E-01
  75   7.200E-10
  76  -8.411E-01
  77   7.400E-10
  78  -8.462E-01
  79   7.600E-10
  80  -8.512E-01
  81   7.800E-10
  82  -8.559E-01
  83   8.000E-10
  84  -8.604E-01
  85   8.200E-10
  86  -8.646E-01
  87   8.400E-10
  88  -8.687E-01
  89   8.600E-10
  90  -8.726E-01
  91   8.800E-10
  92  -8.763E-01
  93   9.000E-10
  94  -8.799E-01
  95   9.200E-10
  96  -8.833E-01
  97   9.400E-10
  98  -8.866E-01
  99   9.600E-10
 100  -8.897E-01
 101   9.800E-10
 102  -8.927E-01
 103   1.000E-09
 104  -8.956E-01
 105   1.020E-09
 106  -8.984E-01
 107   1.040E-09
 108  -9.010E-01
 109   1.060E-09
 110  -9.036E-01
 111   1.080E-09
 112  -9.061E-01
 113   1.100E-09
 114  -9.084E-01
 115   1.120E-09
 116  -9.107E-01
 117   1.140E-09
 118  -9.129E-01
 119   1.160E-09
 120  -9.150E-01
 121   1.180E-09
 122  -9.171E-01
 123   1.200E-09
 124  -9.190E-01
 125   1.220E-09
 126  -9.209E-01
 127   1.240E-09
 128  -9.227E-01
 129   1.260E-09
 130  -9.245E-01
 131   1.280E-09
 132  -9.262E-01
 133   1.300E-09
 134  -9.279E-01
 135   1.320E-09
 136  -9.295E-01
 137   1.340E-09
 138  -9.310E-01
 139   1.360E-09
 140  -9.325E-01
 141   1.380E-09
 142  -9.340E-01
 143   1.400E-09
 144  -9.354E-01
 145   1.420E-09
 146  -9.367E-01
 147   1.440E-09
 148  -9.380E-01
 149   1.460E-09
 150  -9.393E-01
 151   1.480E-09
 152  -9.405E-01
 153   1.500E-09
 154  -9.417E-01
 155   1.520E-09
 156  -9.429E-01
 157   1.540E-09
 158  -9.440E-01
 159   1.560E-09
 160  -9.451E-01
 161   1.580E-09
 162  -9.462E-01
 163   1.600E-09
 164  -9.472E-01
 165   1.620E-09
 166  -9.482E-01
 167   1.640E-09
 168  -9.492E-01
 169   1.660E-09
 170  -9.501E-01
 171   1.680E-09
 172  -9.510E-01
 173   1.700E-09
 174  -9.519E-01
 175   1.720E-09
 176  -9.528E-01
 177   1.740E-09
 178  -9.537E-01
 179   1.760E-09
 180  -9.545E-01
 181   1.780E-09
 182  -9.553E-01
 183   1.800E-09
 184  -9.561E-01
 185   1.820E-09
 186  -9.568E-01
 187   1.840E-09
 188  -9.576E-01
 189   1.860E-09
 190  -9.583E-01
 191   1.880E-09
 192  -9.590E-01
 193   1.900E-09
 194  -9.597E-01
 195   1.920E-09
 196  -9.604E-01
 197   1.940E-09
 198  -9.610E-01
 199   1.960E-09
 200  -9.617E-01
 201   1.980E-09
 202  -9.623E-01
 203   2.000E-09
 204  -9.629E-01
 205   2.500E-08
 206  -1.000E+00
I=  2     IT=  4
   I   Parameter 
   1   2.000E+03
   2   0.000E+00
   3   0.000E+00
   4   0.000E+00
   5   2.000E-11
   6  -7.881E-02
   7   4.000E-11
   8  -1.487E-01
   9   6.000E-11
  10  -2.109E-01
  11   8.000E-11
  12  -2.665E-01
  13   1.000E-10
  14  -3.164E-01
  15   1.200E-10
  16  -3.614E-01
  17   1.400E-10
  18  -4.021E-01
  19   1.600E-10
  20  -4.391E-01
  21   1.800E-10
  22  -4.727E-01
  23   2.000E-10
  24  -5.034E-01
  25   2.200E-10
  26  -5.314E-01
  27   2.400E-10
  28  -5.572E-01
  29   2.600E-10
  30  -5.809E-01
  31   2.800E-10
  32  -6.028E-01
  33   3.000E-10
  34  -6.229E-01
  35   3.200E-10
  36  -6.416E-01
  37   3.400E-10
  38  -6.589E-01
  39   3.600E-10
  40  -6.750E-01
  41   3.800E-10
  42  -6.900E-01
  43   4.000E-10
  44  -7.040E-01
  45   4.200E-10
  46  -7.170E-01
  47   4.400E-10
  48  -7.292E-01
  49   4.600E-10
  50  -7.407E-01
  51   4.800E-10
  52  -7.514E-01
  53   5.000E-10
  54  -7.615E-01
  55   5.200E-10
  56  -7.709E-01
  57   5.400E-10
  58  -7.799E-01
  59   5.600E-10
  60  -7.883E-01
  61   5.800E-10
  62  -7.962E-01
  63   6.000E-10
  64  -8.037E-01
  65   6.200E-10
  66  -8.108E-01
  67   6.400E-10
  68  -8.175E-01
  69   6.600E-10
  70  -8.239E-01
  71   6.800E-10
  72  -8.299E-01
  73   7.000E-10
  74  -8.356E-01
  75   7.200E-10
  76  -8.411E-01
  77   7.400E-10
  78  -8.462E-01
  79   7.600E-10
  80  -8.512E-01
  81   7.800E-10
  82  -8.559E-01
  83   8.000E-10
  84  -8.604E-01
  85   8.200E-10
  86  -8.646E-01
  87   8.400E-10
  88  -8.687E-01
  89   8.600E-10
  90  -8.726E-01
  91   8.800E-10
  92  -8.763E-01
  93   9.000E-10
  94  -8.799E-01
  95   9.200E-10
  96  -8.833E-01
  97   9.400E-10
  98  -8.866E-01
  99   9.600E-10
 100  -8.897E-01
 101   9.800E-10
 102  -8.927E-01
 103   1.000E-09
 104  -8.956E-01
 105   1.020E-09
 106  -8.984E-01
 107   1.040E-09
 108  -9.010E-01
 109   1.060E-09
 110  -9.036E-01
 111   1.080E-09
 112  -9.061E-01
 113   1.100E-09
 114  -9.084E-01
 115   1.120E-09
 116  -9.107E-01
 117   1.140E-09
 118  -9.129E-01
 119   1.160E-09
 120  -9.150E-01
 121   1.180E-09
 122  -9.171E-01
 123   1.200E-09
 124  -9.190E-01
 125   1.220E-09
 126  -9.209E-01
 127   1.240E-09
 128  -9.227E-01
 129   1.260E-09
 130  -9.245E-01
 131   1.280E-09
 132  -9.262E-01
 133   1.300E-09
 134  -9.279E-01
 135   1.320E-09
 136  -9.295E-01
 137   1.340E-09
 138  -9.310E-01
 139   1.360E-09
 140  -9.325E-01
 141   1.380E-09
 142  -9.340E-01
 143   1.400E-09
 144  -9.354E-01
 145   1.420E-09
 146  -9.367E-01
 147   1.440E-09
 148  -9.380E-01
 149   1.460E-09
 150  -9.393E-01
 151   1.480E-09
 152  -9.405E-01
 153   1.500E-09
 154  -9.417E-01
 155   1.520E-09
 156  -9.429E-01
 157   1.540E-09
 158  -9.440E-01
 159   1.560E-09
 160  -9.451E-01
 161   1.580E-09
 162  -9.462E-01
 163   1.600E-09
 164  -9.472E-01
 165   1.620E-09
 166  -9.482E-01
 167   1.640E-09
 168  -9.492E-01
 169   1.660E-09
 170  -9.501E-01
 171   1.680E-09
 172  -9.510E-01
 173   1.700E-09
 174  -9.519E-01
 175   1.720E-09
 176  -9.528E-01
 177   1.740E-09
 178  -9.537E-01
 179   1.760E-09
 180  -9.545E-01
 181   1.780E-09
 182  -9.553E-01
 183   1.800E-09
 184  -9.561E-01
 185   1.820E-09
 186  -9.568E-01
 187   1.840E-09
 188  -9.576E-01
 189   1.860E-09
 190  -9.583E-01
 191   1.880E-09
 192  -9.590E-01
 193   1.900E-09
 194  -9.597E-01
 195   1.920E-09
 196  -9.604E-01
 197   1.940E-09
 198  -9.610E-01
 199   1.960E-09
 200  -9.617E-01
 201   1.980E-09
 202  -9.623E-01
 203   2.000E-09
 204  -9.629E-01
 205   2.500E-08
 206  -1.000E+00
