 
********************************************************************************
SCREAMER v4.4.3 Circuit Analysis Code:                                          
********************************************************************************
 
 
********************************************************************************
RLC Capacitor Discharge                                                         
********************************************************************************
 
 Time step          4.99999986E-10
 Default Res-time   4.99999997E-09
 End time           3.99999999E-06
 Number of prints           5
 max-pnts stored         3001

 
********************************************************************************
Listing of the User Circuit                                                     
********************************************************************************
 
 
************ Branch  1 ************
 Block   1 : resistor and capacitor to ground.
   R1= 1.000E+12   C1= 4.000E-08
  Initial condition: Voltage on C1 =    2.000E+05
 TXT Output Request for block   1.    Variable: Voltage across C1      
  Values on the half time step will be used.
 TXT Output Request for block   1.    Variable: Energy Stored in C1    
  Values on the half time step will be used.
 Block   2 : resistor and inductor in series.
   R2= 0.000E+00   L2= 1.750E-07
 Block   3 : resistor and capacitor to ground.
   R1= 1.871E+00   C1= 0.000E+00
 TXT Output Request for block   3.    Variable: Current in R1          
  Values on the half time step will be used.
 TXT Output Request for block   3.    Variable: Energy Dissipated in R1
  Values on the half time step will be used.
 TXT Output Request for block   3.    Variable: Power Dissipated in R1 
  Values on the half time step will be used.
 
********************************************************************************
Initial SCREAMER Circuit Status                                                 
********************************************************************************
 

Time =  0.000E+00     Cycle =       0
Energy from all sources:                           8.0000E+02
L*I*I/2    energy stored in inductors:             0.0000E+00
C*V*V/2    energy stored in capacitors:            8.0000E+02
G*V*V      energy dissipated in shunt resistors:   0.0000E+00
R*I*I      energy dissipated in series resistors:  0.0000E+00
Ldot*I*I/2 energy in variable inductors:           0.0000E+00
Cdot*V*V/2 energy in variable capacitors:          0.0000E+00
Relative error in energy sum:                      0.0000E+00
 
********************************************************************************
SCREAMER Circuit Status for t > 0                                               
********************************************************************************
 

Time =  7.997E-07     Cycle =    1600
Energy from all sources:                           8.0000E+02
L*I*I/2    energy stored in inductors:             1.1404E-01
C*V*V/2    energy stored in capacitors:            1.0211E-02
G*V*V      energy dissipated in shunt resistors:   7.9987E+02
R*I*I      energy dissipated in series resistors:  0.0000E+00
Ldot*I*I/2 energy in variable inductors:           0.0000E+00
Cdot*V*V/2 energy in variable capacitors:          0.0000E+00
Relative error in energy sum:                     -1.5259E-06

Time =  1.600E-06     Cycle =    3200
Energy from all sources:                           8.0000E+02
L*I*I/2    energy stored in inductors:             3.6171E-05
C*V*V/2    energy stored in capacitors:            1.3343E-05
G*V*V      energy dissipated in shunt resistors:   8.0000E+02
R*I*I      energy dissipated in series resistors:  0.0000E+00
Ldot*I*I/2 energy in variable inductors:           0.0000E+00
Cdot*V*V/2 energy in variable capacitors:          0.0000E+00
Relative error in energy sum:                     -5.9509E-06

Time =  2.400E-06     Cycle =    4800
Energy from all sources:                           8.0000E+02
L*I*I/2    energy stored in inductors:             1.7867E-09
C*V*V/2    energy stored in capacitors:            7.1845E-09
G*V*V      energy dissipated in shunt resistors:   8.0000E+02
R*I*I      energy dissipated in series resistors:  0.0000E+00
Ldot*I*I/2 energy in variable inductors:           0.0000E+00
Cdot*V*V/2 energy in variable capacitors:          0.0000E+00
Relative error in energy sum:                     -6.0272E-06

Time =  3.200E-06     Cycle =    6400
Energy from all sources:                           8.0000E+02
L*I*I/2    energy stored in inductors:             3.9093E-13
C*V*V/2    energy stored in capacitors:            1.4933E-12
G*V*V      energy dissipated in shunt resistors:   8.0000E+02
R*I*I      energy dissipated in series resistors:  0.0000E+00
Ldot*I*I/2 energy in variable inductors:           0.0000E+00
Cdot*V*V/2 energy in variable capacitors:          0.0000E+00
Relative error in energy sum:                     -6.0272E-06

Time =  4.000E-06     Cycle =    8000
Energy from all sources:                           8.0000E+02
L*I*I/2    energy stored in inductors:             2.5479E-20
C*V*V/2    energy stored in capacitors:            2.8689E-15
G*V*V      energy dissipated in shunt resistors:   8.0000E+02
R*I*I      energy dissipated in series resistors:  0.0000E+00
Ldot*I*I/2 energy in variable inductors:           0.0000E+00
Cdot*V*V/2 energy in variable capacitors:          0.0000E+00
Relative error in energy sum:                     -6.0272E-06
 
********************************************************************************
End of Simulation                                                               
********************************************************************************
 

The SCREAMER input file used: untested/RLC_matched.txt                                                        
 Current time: 08:32
 Run time:    0.055 seconds
SCREAMER v4.4.3
