 
********************************************************************************
SCREAMER v4.4.3 Circuit Analysis Code:                                          
********************************************************************************
 
 
********************************************************************************
PBFAII Z --  ALL LEVELS  -- SHOT 51, 90 kV CHARGE, 240 WIRE 7.5 MICRON TUNGSTEN 
********************************************************************************
 
 Time step          9.99999996E-12
 Default Res-time   4.99999986E-10
 End time           4.00000005E-07
 Number of prints           1
 max-pnts stored         2000

 
********************************************************************************
Listing of the User Circuit                                                     
********************************************************************************
 
 
************ Branch  1 ************
 Block   1 : voltage source described as a function of time.
   R2= 4.800E-01   L2= 0.000E+00
     Scale= 1.000E+00   Tdelay= 0.000E+00
     Tabular function:
       Point      Time           Voltage   
           1      0.000E+00      0.000E+00
           2      2.030E-09     -2.141E+03
           3      4.061E-09     -2.623E+03
           4      6.091E-09     -1.702E+03
           5      8.122E-09     -7.571E+02
           6      1.015E-08     -5.536E+02
           7      1.218E-08     -1.328E+03
           8      1.421E-08     -2.393E+03
           9      1.624E-08     -2.615E+03
          10      1.827E-08     -2.131E+03
          11      2.030E-08     -1.354E+03
          12      2.234E-08     -6.188E+02
          13      2.437E-08     -5.815E+01
          14      2.640E-08      1.463E+02
          15      2.843E-08      7.297E+02
          16      3.046E-08      1.742E+03
          17      3.249E-08      2.181E+03
          18      3.452E-08      1.966E+03
          19      3.655E-08      2.037E+03
          20      3.858E-08      2.722E+03
          21      4.061E-08      3.717E+03
          22      4.264E-08      4.949E+03
          23      4.467E-08      6.416E+03
          24      4.670E-08      8.345E+03
          25      4.873E-08      1.109E+04
          26      5.076E-08      1.491E+04
          27      5.279E-08      2.042E+04
          28      5.482E-08      2.793E+04
          29      5.685E-08      3.601E+04
          30      5.888E-08      4.442E+04
          31      6.091E-08      5.422E+04
          32      6.294E-08      6.448E+04
          33      6.497E-08      7.423E+04
          34      6.701E-08      8.436E+04
          35      6.904E-08      9.452E+04
          36      7.107E-08      1.040E+05
          37      7.310E-08      1.117E+05
          38      7.513E-08      1.165E+05
          39      7.716E-08      1.185E+05
          40      7.919E-08      1.180E+05
          41      8.122E-08      1.147E+05
          42      8.325E-08      1.103E+05
          43      8.528E-08      1.061E+05
          44      8.731E-08      1.017E+05
          45      8.934E-08      9.753E+04
          46      9.137E-08      9.482E+04
          47      9.340E-08      9.437E+04
          48      9.543E-08      9.772E+04
          49      9.746E-08      1.076E+05
          50      9.949E-08      1.275E+05
          51      1.015E-07      1.602E+05
          52      1.036E-07      2.076E+05
          53      1.056E-07      2.727E+05
          54      1.076E-07      3.591E+05
          55      1.096E-07      4.697E+05
          56      1.117E-07      6.060E+05
          57      1.137E-07      7.687E+05
          58      1.157E-07      9.573E+05
          59      1.178E-07      1.169E+06
          60      1.198E-07      1.398E+06
          61      1.218E-07      1.639E+06
          62      1.239E-07      1.885E+06
          63      1.259E-07      2.127E+06
          64      1.279E-07      2.358E+06
          65      1.299E-07      2.573E+06
          66      1.320E-07      2.767E+06
          67      1.340E-07      2.935E+06
          68      1.360E-07      3.077E+06
          69      1.381E-07      3.196E+06
          70      1.401E-07      3.292E+06
          71      1.421E-07      3.372E+06
          72      1.442E-07      3.442E+06
          73      1.462E-07      3.508E+06
          74      1.482E-07      3.577E+06
          75      1.503E-07      3.655E+06
          76      1.523E-07      3.743E+06
          77      1.543E-07      3.845E+06
          78      1.563E-07      3.959E+06
          79      1.584E-07      4.086E+06
          80      1.604E-07      4.223E+06
          81      1.624E-07      4.368E+06
          82      1.645E-07      4.515E+06
          83      1.665E-07      4.658E+06
          84      1.685E-07      4.793E+06
          85      1.706E-07      4.917E+06
          86      1.726E-07      5.026E+06
          87      1.746E-07      5.120E+06
          88      1.766E-07      5.198E+06
          89      1.787E-07      5.261E+06
          90      1.807E-07      5.311E+06
          91      1.827E-07      5.348E+06
          92      1.848E-07      5.373E+06
          93      1.868E-07      5.387E+06
          94      1.888E-07      5.392E+06
          95      1.909E-07      5.388E+06
          96      1.929E-07      5.373E+06
          97      1.949E-07      5.345E+06
          98      1.970E-07      5.302E+06
          99      1.990E-07      5.246E+06
         100      2.010E-07      5.178E+06
         101      2.030E-07      5.095E+06
         102      2.051E-07      4.996E+06
         103      2.071E-07      4.879E+06
         104      2.091E-07      4.744E+06
         105      2.112E-07      4.592E+06
         106      2.132E-07      4.427E+06
         107      2.152E-07      4.254E+06
         108      2.173E-07      4.074E+06
         109      2.193E-07      3.890E+06
         110      2.213E-07      3.704E+06
         111      2.234E-07      3.519E+06
         112      2.254E-07      3.339E+06
         113      2.274E-07      3.166E+06
         114      2.294E-07      3.003E+06
         115      2.315E-07      2.850E+06
         116      2.335E-07      2.710E+06
         117      2.355E-07      2.583E+06
         118      2.376E-07      2.468E+06
         119      2.396E-07      2.367E+06
         120      2.416E-07      2.275E+06
         121      2.437E-07      2.192E+06
         122      2.457E-07      2.116E+06
         123      2.477E-07      2.047E+06
         124      2.497E-07      1.986E+06
         125      2.518E-07      1.933E+06
         126      2.538E-07      1.888E+06
         127      2.558E-07      1.852E+06
         128      2.579E-07      1.824E+06
         129      2.599E-07      1.805E+06
         130      2.619E-07      1.795E+06
         131      2.640E-07      1.790E+06
         132      2.660E-07      1.788E+06
         133      2.680E-07      1.786E+06
         134      2.701E-07      1.782E+06
         135      2.721E-07      1.774E+06
         136      2.741E-07      1.761E+06
         137      2.761E-07      1.743E+06
         138      2.782E-07      1.720E+06
         139      2.802E-07      1.696E+06
         140      2.822E-07      1.675E+06
         141      2.843E-07      1.658E+06
         142      2.863E-07      1.643E+06
         143      2.883E-07      1.626E+06
         144      2.904E-07      1.605E+06
         145      2.924E-07      1.581E+06
         146      2.944E-07      1.555E+06
         147      2.964E-07      1.532E+06
         148      2.985E-07      1.515E+06
         149      3.005E-07      1.509E+06
         150      3.025E-07      1.514E+06
         151      3.046E-07      1.530E+06
         152      3.066E-07      1.551E+06
         153      3.086E-07      1.572E+06
         154      3.107E-07      1.590E+06
         155      3.127E-07      1.600E+06
         156      3.147E-07      1.598E+06
         157      3.168E-07      1.591E+06
         158      3.188E-07      1.580E+06
         159      3.208E-07      1.567E+06
         160      3.228E-07      1.552E+06
         161      3.249E-07      1.537E+06
         162      3.269E-07      1.519E+06
         163      3.289E-07      1.500E+06
         164      3.310E-07      1.485E+06
         165      3.330E-07      1.473E+06
         166      3.350E-07      1.469E+06
         167      3.371E-07      1.482E+06
         168      3.391E-07      1.512E+06
         169      3.411E-07      1.556E+06
         170      3.431E-07      1.602E+06
         171      3.452E-07      1.638E+06
         172      3.472E-07      1.658E+06
         173      3.492E-07      1.654E+06
         174      3.513E-07      1.626E+06
         175      3.533E-07      1.575E+06
         176      3.553E-07      1.509E+06
         177      3.574E-07      1.433E+06
         178      3.594E-07      1.352E+06
         179      3.614E-07      1.264E+06
         180      3.635E-07      1.169E+06
         181      3.655E-07      1.068E+06
         182      3.675E-07      9.615E+05
         183      3.695E-07      8.505E+05
         184      3.716E-07      7.378E+05
         185      3.736E-07      6.296E+05
         186      3.756E-07      5.296E+05
         187      3.777E-07      4.381E+05
         188      3.797E-07      3.529E+05
         189      3.817E-07      2.705E+05
         190      3.838E-07      1.876E+05
         191      3.858E-07      1.025E+05
         192      3.878E-07      2.998E+04
         193      3.898E-07      0.000E+00
         194      3.919E-07      0.000E+00
         195      3.939E-07      0.000E+00
         196      3.959E-07      0.000E+00
         197      3.980E-07      0.000E+00
         198      4.000E-07      0.000E+00
         199      1.000E-06      0.000E+00
 TXT Output Request for block   1.    Variable: Output Voltage         
  Values on the half time step will be used.
 TXT Output Request for block   1.    Variable: Output Current         
  Values on the half time step will be used.
 TXT Output Request for block   1.    Variable: Output Power           
  Values on the half time step will be used.
 Block   2 : Transmission line with impedance varying linearly     
   Tau= 4.852E-08   Zin= 4.800E-01   Zout= 4.800E-01   Tres= 5.000E-10
 Block   3 : resistor and capacitor to ground.
   R1= 1.142E+02   C1= 0.000E+00
 Block   4 : Transmission line with impedance varying linearly     
   Tau= 2.339E-08   Zin= 4.800E-01   Zout= 4.800E-01   Tres= 5.000E-10
 TXT Output Request for block   4.    Variable: Output Energy          
  Values on the half time step will be used.
 Block   5 : resistor and capacitor to ground.
   R1= 1.827E+02   C1= 0.000E+00
 Block   6 : Transmission line with impedance varying linearly     
   Tau= 2.057E-09   Zin= 5.150E-01   Zout= 5.150E-01   Tres= 5.000E-10
 Block   7 : Transmission line with impedance varying linearly     
   Tau= 1.898E-09   Zin= 7.120E-01   Zout= 7.120E-01   Tres= 5.000E-10
 Block   8 : Transmission line with impedance varying linearly     
   Tau= 1.618E-09   Zin= 5.810E-01   Zout= 5.810E-01   Tres= 5.000E-10
 Block   9 : Transmission line with impedance varying linearly     
   Tau= 8.220E-10   Zin= 1.618E+00   Zout= 1.618E+00   Tres= 5.000E-10
 Block  10 : Transmission line with impedance varying linearly     
   Tau= 4.580E-10   Zin= 7.623E+00   Zout= 7.623E+00   Tres= 5.000E-10
 Block  11 : resistor and capacitor to ground.
   R1= 1.000E+06   C1= 0.000E+00
     R1 is a variable element in block  11
       MFI Insulator CB model  :
  radius = 1.637E+00 dgap = 3.429E-01 gmin = 1.000E-04 gmax = 1.000E+06 xni = 1.000E+00 flash = 0.000E+00
 TXT Output Request for block  11.    Variable: Output Voltage         
  Values on the half time step will be used.
 TXT Output Request for block  11.    Variable: Output Current         
  Values on the half time step will be used.
 TXT Output Request for block  11.    Variable: Output Power           
  Values on the half time step will be used.
 Block  12 : Transmission line with impedance varying linearly     
   Tau= 1.850E-10   Zin= 1.260E+01   Zout= 1.260E+01   Tres= 5.000E-10
 Block  13 : Transmission line with impedance varying linearly     
   Tau= 1.110E-10   Zin= 1.511E+01   Zout= 1.511E+01   Tres= 5.000E-10
 Block  14 : Transmission line with impedance varying linearly     
   Tau= 1.480E-10   Zin= 1.503E+01   Zout= 1.503E+01   Tres= 5.000E-10
 Block  15 : Transmission line with impedance varying linearly     
   Tau= 1.760E-10   Zin= 8.926E+00   Zout= 8.926E+00   Tres= 5.000E-10
 Block  16 : Transmission line with impedance varying linearly     
   Tau= 3.220E-10   Zin= 3.055E+00   Zout= 3.055E+00   Tres= 5.000E-10
 Block  17 : Transmission line with impedance varying linearly     
   Tau= 1.060E-10   Zin= 4.870E+00   Zout= 4.870E+00   Tres= 5.000E-10
 Block  18 : MITL (geometric setup)
   Circumference= 8.504E+00   Gap= 1.017E-01   Tau= 3.750E-10   Z= 4.509E+00   Tres= 1.000E-10   Eturnon= 2.000E+07
 Block  19 : MITL (geometric setup)
   Circumference= 8.000E+00   Gap= 7.186E-02   Tau= 3.750E-10   Z= 3.386E+00   Tres= 1.000E-10   Eturnon= 2.000E+07
 Block  20 : MITL (geometric setup)
   Circumference= 7.470E+00   Gap= 5.485E-02   Tau= 3.735E-10   Z= 2.768E+00   Tres= 1.000E-10   Eturnon= 2.000E+07
 Block  21 : MITL (geometric setup)
   Circumference= 6.914E+00   Gap= 5.071E-02   Tau= 3.735E-10   Z= 2.765E+00   Tres= 1.000E-10   Eturnon= 2.000E+07
 Block  22 : MITL (geometric setup)
   Circumference= 6.358E+00   Gap= 4.657E-02   Tau= 3.735E-10   Z= 2.761E+00   Tres= 1.000E-10   Eturnon= 2.000E+07
 Block  23 : MITL (geometric setup)
   Circumference= 5.802E+00   Gap= 4.243E-02   Tau= 3.735E-10   Z= 2.757E+00   Tres= 1.000E-10   Eturnon= 2.000E+07
 Block  24 : MITL (geometric setup)
   Circumference= 5.245E+00   Gap= 3.829E-02   Tau= 3.735E-10   Z= 2.752E+00   Tres= 1.000E-10   Eturnon= 2.000E+07
 Block  25 : MITL (geometric setup)
   Circumference= 4.689E+00   Gap= 3.415E-02   Tau= 3.735E-10   Z= 2.746E+00   Tres= 1.000E-10   Eturnon= 2.000E+07
 Block  26 : MITL (geometric setup)
   Circumference= 4.133E+00   Gap= 3.001E-02   Tau= 3.735E-10   Z= 2.737E+00   Tres= 1.000E-10   Eturnon= 2.000E+07
 Block  27 : MITL (geometric setup)
   Circumference= 3.577E+00   Gap= 2.587E-02   Tau= 3.735E-10   Z= 2.727E+00   Tres= 1.000E-10   Eturnon= 2.000E+07
 Block  28 : MITL (geometric setup)
   Circumference= 3.026E+00   Gap= 2.208E-02   Tau= 3.655E-10   Z= 2.750E+00   Tres= 1.000E-10   Eturnon= 2.000E+07
 Block  29 : MITL (geometric setup)
   Circumference= 2.481E+00   Gap= 1.863E-02   Tau= 3.655E-10   Z= 2.831E+00   Tres= 1.000E-10   Eturnon= 2.000E+07
 Block  30 : MITL (geometric setup)
   Circumference= 1.936E+00   Gap= 1.518E-02   Tau= 3.655E-10   Z= 2.957E+00   Tres= 1.000E-10   Eturnon= 2.000E+07
 Block  31 : MITL (geometric setup)
   Circumference= 1.390E+00   Gap= 1.173E-02   Tau= 3.655E-10   Z= 3.181E+00   Tres= 1.000E-10   Eturnon= 2.000E+07
 Block  32 : MITL (geometric setup)
   Circumference= 8.609E-01   Gap= 1.001E-02   Tau= 3.397E-10   Z= 4.382E+00   Tres= 1.000E-10   Eturnon= 2.000E+07
 TXT Output Request for block  32.    Variable: Output Current         
  Values on the half time step will be used.
 Block  33 : resistor and inductor in series.
   R2= 0.000E+00   L2= 3.910E-09
 ***** Block  33 has an end branch exiting it (branch  2) *****
 Block  34 : resistor and inductor in series.
   R2= 0.000E+00   L2= 1.360E-09
 ***** Block  34 has an end branch exiting it (branch  3) *****
 Block  35 : resistor and inductor in series.
   R2= 0.000E+00   L2= 1.890E-09
 ***** Block  35 has an end branch exiting it (branch  4) *****
 TXT Output Request for block  35.    Variable: Output Energy          
  Values on the half time step will be used.
 TXT Output Request for block  35.    Variable: Output Current         
  Values on the half time step will be used.
 TXT Output Request for block  35.    Variable: Output Voltage         
  Values on the half time step will be used.
 Block  36 : resistor and capacitor to ground.
   R1= 1.000E-04   C1= 1.000E-10
     R1 is a variable element in block  36
      Z FLOW POS model :
   tsw = 2.000E-09 cursw = 1.000E+02 topen= 2.000E-09 zflow= 2.500E-01 gswmax= 1.000E+04 gswmin= 1.000E-04 CBflag= 1.041E-35 forward =  1.000E+00
 TXT Output Request for block  36.    Variable: Current in R1          
  Values on the half time step will be used.
 TXT Output Request for block  36.    Variable: Output Power           
  Values on the half time step will be used.
 TXT Output Request for block  36.    Variable: Value of R1            
  Values on the half time step will be used.
 TXT Output Request for block  36.    Variable: Zflow (Ohms)           
  Values on the half time step will be used.
 Block  37 : resistor and inductor in series.
   R2= 0.000E+00   L2= 1.820E-09
 TXT Output Request for block  37.    Variable: Output Energy          
  Values on the half time step will be used.
 TXT Output Request for block  37.    Variable: Output Power           
  Values on the half time step will be used.
 TXT Output Request for block  37.    Variable: Output Voltage         
  Values on the half time step will be used.
 TXT Output Request for block  37.    Variable: Output Current         
  Values on the half time step will be used.
 Block  38 : resistor and inductor in series.
   R2= 0.000E+00   L2= 8.900E-10
 Block  39 : imploding CYLfoil model.
   Initrad= 2.000E-02   Length= 2.000E-02   Mass= 4.090E-06   Minrad= 1.000E-03
 TXT Output Request for block  39.    Variable: Value of L2            
  Values on the half time step will be used.
 TXT Output Request for block  39.    Variable: Energy Stored in L2    
  Values on the half time step will be used.
 TXT Output Request for block  39.    Variable: Voltage across L2      
  Values on the half time step will be used.
 TXT Output Request for block  39.    Variable: Current in L2          
  Values on the half time step will be used.
 TXT Output Request for block  39.    Variable: Foil Kinetic Energy    
  Values on the half time step will be used.
 TXT Output Request for block  39.    Variable: Foil Velocity          
  Values on the half time step will be used.
 TXT Output Request for block  39.    Variable: Foil Radius            
  Values on the half time step will be used.
 TXT Output Request for block  39.    Variable: Input Power            
  Values on the half time step will be used.
 Block  40 : resistor and capacitor to ground.
   R1= 1.000E-12   C1= 0.000E+00
 
************ Branch  2 ************
 Block   1 : resistor and inductor in series.
   R2= 0.000E+00   L2= 3.400E-09
 TXT Output Request for block   1.    Variable: Output Current         
  Values on the half time step will be used.
 Block   2 : MITL (geometric setup)
   Circumference= 9.235E-01   Gap= 1.001E-02   Tau= 3.037E-10   Z= 4.085E+00   Tres= 1.000E-10   Eturnon= 2.000E+07
 Block   3 : MITL (geometric setup)
   Circumference= 1.448E+00   Gap= 1.193E-02   Tau= 3.783E-10   Z= 3.108E+00   Tres= 1.000E-10   Eturnon= 2.000E+07
 Block   4 : MITL (geometric setup)
   Circumference= 2.032E+00   Gap= 1.579E-02   Tau= 3.783E-10   Z= 2.929E+00   Tres= 1.000E-10   Eturnon= 2.000E+07
 Block   5 : MITL (geometric setup)
   Circumference= 2.617E+00   Gap= 1.964E-02   Tau= 3.783E-10   Z= 2.830E+00   Tres= 1.000E-10   Eturnon= 2.000E+07
 Block   6 : MITL (geometric setup)
   Circumference= 3.201E+00   Gap= 2.350E-02   Tau= 3.783E-10   Z= 2.767E+00   Tres= 1.000E-10   Eturnon= 2.000E+07
 Block   7 : MITL (geometric setup)
   Circumference= 3.813E+00   Gap= 2.777E-02   Tau= 4.137E-10   Z= 2.745E+00   Tres= 1.000E-10   Eturnon= 2.000E+07
 Block   8 : MITL (geometric setup)
   Circumference= 4.454E+00   Gap= 3.246E-02   Tau= 4.137E-10   Z= 2.747E+00   Tres= 1.000E-10   Eturnon= 2.000E+07
 Block   9 : MITL (geometric setup)
   Circumference= 5.094E+00   Gap= 3.715E-02   Tau= 4.137E-10   Z= 2.749E+00   Tres= 1.000E-10   Eturnon= 2.000E+07
 Block  10 : MITL (geometric setup)
   Circumference= 5.734E+00   Gap= 4.183E-02   Tau= 4.137E-10   Z= 2.750E+00   Tres= 1.000E-10   Eturnon= 2.000E+07
 Block  11 : MITL (geometric setup)
   Circumference= 6.374E+00   Gap= 4.652E-02   Tau= 4.137E-10   Z= 2.751E+00   Tres= 1.000E-10   Eturnon= 2.000E+07
 Block  12 : MITL (geometric setup)
   Circumference= 7.014E+00   Gap= 5.121E-02   Tau= 4.137E-10   Z= 2.752E+00   Tres= 1.000E-10   Eturnon= 2.000E+07
 Block  13 : MITL (geometric setup)
   Circumference= 7.654E+00   Gap= 5.590E-02   Tau= 4.137E-10   Z= 2.753E+00   Tres= 1.000E-10   Eturnon= 2.000E+07
 Block  14 : Transmission line with impedance varying linearly     
   Tau= 3.900E-10   Zin= 3.606E+00   Zout= 3.606E+00   Tres= 5.000E-10
 Block  15 : Transmission line with impedance varying linearly     
   Tau= 3.140E-10   Zin= 7.414E+00   Zout= 7.414E+00   Tres= 5.000E-10
 Block  16 : Transmission line with impedance varying linearly     
   Tau= 3.110E-10   Zin= 1.255E+01   Zout= 1.255E+01   Tres= 5.000E-10
 Block  17 : Transmission line with impedance varying linearly     
   Tau= 1.850E-10   Zin= 1.260E+01   Zout= 1.260E+01   Tres= 5.000E-10
 Block  18 : resistor and capacitor to ground.
   R1= 1.000E+06   C1= 0.000E+00
     R1 is a variable element in block  18
       MFI Insulator CB model  :
  radius = 1.637E+00 dgap = 3.429E-01 gmin = 1.000E-04 gmax = 1.000E+06 xni = 1.000E+00 flash = 0.000E+00
 TXT Output Request for block  18.    Variable: Output Voltage         
  Values on the half time step will be used.
 TXT Output Request for block  18.    Variable: Output Current         
  Values on the half time step will be used.
 TXT Output Request for block  18.    Variable: Output Power           
  Values on the half time step will be used.
 Block  19 : Transmission line with impedance varying linearly     
   Tau= 4.580E-10   Zin= 7.623E+00   Zout= 7.623E+00   Tres= 5.000E-10
 Block  20 : Transmission line with impedance varying linearly     
   Tau= 9.950E-10   Zin= 1.178E+00   Zout= 1.178E+00   Tres= 5.000E-10
 Block  21 : Transmission line with impedance varying linearly     
   Tau= 1.181E-09   Zin= 1.454E+00   Zout= 1.454E+00   Tres= 5.000E-10
 Block  22 : Transmission line with impedance varying linearly     
   Tau= 1.618E-09   Zin= 8.220E-01   Zout= 8.220E-01   Tres= 5.000E-10
 Block  23 : Transmission line with impedance varying linearly     
   Tau= 1.618E-09   Zin= 5.810E-01   Zout= 5.810E-01   Tres= 5.000E-10
 Block  24 : Transmission line with impedance varying linearly     
   Tau= 1.898E-09   Zin= 7.120E-01   Zout= 7.120E-01   Tres= 5.000E-10
 Block  25 : Transmission line with impedance varying linearly     
   Tau= 2.057E-09   Zin= 5.150E-01   Zout= 5.150E-01   Tres= 5.000E-10
 Block  26 : resistor and capacitor to ground.
   R1= 1.827E+02   C1= 0.000E+00
 Block  27 : Transmission line with impedance varying linearly     
   Tau= 2.429E-08   Zin= 4.800E-01   Zout= 4.800E-01   Tres= 5.000E-10
 TXT Output Request for block  27.    Variable: Output Energy          
  Values on the half time step will be used.
 Block  28 : resistor and capacitor to ground.
   R1= 1.142E+02   C1= 0.000E+00
 Block  29 : Transmission line with impedance varying linearly     
   Tau= 4.539E-08   Zin= 4.800E-01   Zout= 4.800E-01   Tres= 5.000E-10
 Block  30 : resistor and capacitor to ground.
   R1= 1.142E+03   C1= 0.000E+00
 TXT Output Request for block  30.    Variable: Output Voltage         
  Values on the half time step will be used.
 TXT Output Request for block  30.    Variable: Output Current         
  Values on the half time step will be used.
 Block  31 : end-of-branch voltage source described as a function of time.
   R2= 4.800E-01   L2= 0.000E+00
     Scale= 1.000E+00   Tdelay= 0.000E+00
     Tabular function:
       Point      Time           Voltage   
           1      0.000E+00      0.000E+00
           2      2.030E-09     -2.141E+03
           3      4.061E-09     -2.623E+03
           4      6.091E-09     -1.702E+03
           5      8.122E-09     -7.571E+02
           6      1.015E-08     -5.536E+02
           7      1.218E-08     -1.328E+03
           8      1.421E-08     -2.393E+03
           9      1.624E-08     -2.615E+03
          10      1.827E-08     -2.131E+03
          11      2.030E-08     -1.354E+03
          12      2.234E-08     -6.188E+02
          13      2.437E-08     -5.815E+01
          14      2.640E-08      1.463E+02
          15      2.843E-08      7.297E+02
          16      3.046E-08      1.742E+03
          17      3.249E-08      2.181E+03
          18      3.452E-08      1.966E+03
          19      3.655E-08      2.037E+03
          20      3.858E-08      2.722E+03
          21      4.061E-08      3.717E+03
          22      4.264E-08      4.949E+03
          23      4.467E-08      6.416E+03
          24      4.670E-08      8.345E+03
          25      4.873E-08      1.109E+04
          26      5.076E-08      1.491E+04
          27      5.279E-08      2.042E+04
          28      5.482E-08      2.793E+04
          29      5.685E-08      3.601E+04
          30      5.888E-08      4.442E+04
          31      6.091E-08      5.422E+04
          32      6.294E-08      6.448E+04
          33      6.497E-08      7.423E+04
          34      6.701E-08      8.436E+04
          35      6.904E-08      9.452E+04
          36      7.107E-08      1.040E+05
          37      7.310E-08      1.117E+05
          38      7.513E-08      1.165E+05
          39      7.716E-08      1.185E+05
          40      7.919E-08      1.180E+05
          41      8.122E-08      1.147E+05
          42      8.325E-08      1.103E+05
          43      8.528E-08      1.061E+05
          44      8.731E-08      1.017E+05
          45      8.934E-08      9.753E+04
          46      9.137E-08      9.482E+04
          47      9.340E-08      9.437E+04
          48      9.543E-08      9.772E+04
          49      9.746E-08      1.076E+05
          50      9.949E-08      1.275E+05
          51      1.015E-07      1.602E+05
          52      1.036E-07      2.076E+05
          53      1.056E-07      2.727E+05
          54      1.076E-07      3.591E+05
          55      1.096E-07      4.697E+05
          56      1.117E-07      6.060E+05
          57      1.137E-07      7.687E+05
          58      1.157E-07      9.573E+05
          59      1.178E-07      1.169E+06
          60      1.198E-07      1.398E+06
          61      1.218E-07      1.639E+06
          62      1.239E-07      1.885E+06
          63      1.259E-07      2.127E+06
          64      1.279E-07      2.358E+06
          65      1.299E-07      2.573E+06
          66      1.320E-07      2.767E+06
          67      1.340E-07      2.935E+06
          68      1.360E-07      3.077E+06
          69      1.381E-07      3.196E+06
          70      1.401E-07      3.292E+06
          71      1.421E-07      3.372E+06
          72      1.442E-07      3.442E+06
          73      1.462E-07      3.508E+06
          74      1.482E-07      3.577E+06
          75      1.503E-07      3.655E+06
          76      1.523E-07      3.743E+06
          77      1.543E-07      3.845E+06
          78      1.563E-07      3.959E+06
          79      1.584E-07      4.086E+06
          80      1.604E-07      4.223E+06
          81      1.624E-07      4.368E+06
          82      1.645E-07      4.515E+06
          83      1.665E-07      4.658E+06
          84      1.685E-07      4.793E+06
          85      1.706E-07      4.917E+06
          86      1.726E-07      5.026E+06
          87      1.746E-07      5.120E+06
          88      1.766E-07      5.198E+06
          89      1.787E-07      5.261E+06
          90      1.807E-07      5.311E+06
          91      1.827E-07      5.348E+06
          92      1.848E-07      5.373E+06
          93      1.868E-07      5.387E+06
          94      1.888E-07      5.392E+06
          95      1.909E-07      5.388E+06
          96      1.929E-07      5.373E+06
          97      1.949E-07      5.345E+06
          98      1.970E-07      5.302E+06
          99      1.990E-07      5.246E+06
         100      2.010E-07      5.178E+06
         101      2.030E-07      5.095E+06
         102      2.051E-07      4.996E+06
         103      2.071E-07      4.879E+06
         104      2.091E-07      4.744E+06
         105      2.112E-07      4.592E+06
         106      2.132E-07      4.427E+06
         107      2.152E-07      4.254E+06
         108      2.173E-07      4.074E+06
         109      2.193E-07      3.890E+06
         110      2.213E-07      3.704E+06
         111      2.234E-07      3.519E+06
         112      2.254E-07      3.339E+06
         113      2.274E-07      3.166E+06
         114      2.294E-07      3.003E+06
         115      2.315E-07      2.850E+06
         116      2.335E-07      2.710E+06
         117      2.355E-07      2.583E+06
         118      2.376E-07      2.468E+06
         119      2.396E-07      2.367E+06
         120      2.416E-07      2.275E+06
         121      2.437E-07      2.192E+06
         122      2.457E-07      2.116E+06
         123      2.477E-07      2.047E+06
         124      2.497E-07      1.986E+06
         125      2.518E-07      1.933E+06
         126      2.538E-07      1.888E+06
         127      2.558E-07      1.852E+06
         128      2.579E-07      1.824E+06
         129      2.599E-07      1.805E+06
         130      2.619E-07      1.795E+06
         131      2.640E-07      1.790E+06
         132      2.660E-07      1.788E+06
         133      2.680E-07      1.786E+06
         134      2.701E-07      1.782E+06
         135      2.721E-07      1.774E+06
         136      2.741E-07      1.761E+06
         137      2.761E-07      1.743E+06
         138      2.782E-07      1.720E+06
         139      2.802E-07      1.696E+06
         140      2.822E-07      1.675E+06
         141      2.843E-07      1.658E+06
         142      2.863E-07      1.643E+06
         143      2.883E-07      1.626E+06
         144      2.904E-07      1.605E+06
         145      2.924E-07      1.581E+06
         146      2.944E-07      1.555E+06
         147      2.964E-07      1.532E+06
         148      2.985E-07      1.515E+06
         149      3.005E-07      1.509E+06
         150      3.025E-07      1.514E+06
         151      3.046E-07      1.530E+06
         152      3.066E-07      1.551E+06
         153      3.086E-07      1.572E+06
         154      3.107E-07      1.590E+06
         155      3.127E-07      1.600E+06
         156      3.147E-07      1.598E+06
         157      3.168E-07      1.591E+06
         158      3.188E-07      1.580E+06
         159      3.208E-07      1.567E+06
         160      3.228E-07      1.552E+06
         161      3.249E-07      1.537E+06
         162      3.269E-07      1.519E+06
         163      3.289E-07      1.500E+06
         164      3.310E-07      1.485E+06
         165      3.330E-07      1.473E+06
         166      3.350E-07      1.469E+06
         167      3.371E-07      1.482E+06
         168      3.391E-07      1.512E+06
         169      3.411E-07      1.556E+06
         170      3.431E-07      1.602E+06
         171      3.452E-07      1.638E+06
         172      3.472E-07      1.658E+06
         173      3.492E-07      1.654E+06
         174      3.513E-07      1.626E+06
         175      3.533E-07      1.575E+06
         176      3.553E-07      1.509E+06
         177      3.574E-07      1.433E+06
         178      3.594E-07      1.352E+06
         179      3.614E-07      1.264E+06
         180      3.635E-07      1.169E+06
         181      3.655E-07      1.068E+06
         182      3.675E-07      9.615E+05
         183      3.695E-07      8.505E+05
         184      3.716E-07      7.378E+05
         185      3.736E-07      6.296E+05
         186      3.756E-07      5.296E+05
         187      3.777E-07      4.381E+05
         188      3.797E-07      3.529E+05
         189      3.817E-07      2.705E+05
         190      3.838E-07      1.876E+05
         191      3.858E-07      1.025E+05
         192      3.878E-07      2.998E+04
         193      3.898E-07      0.000E+00
         194      3.919E-07      0.000E+00
         195      3.939E-07      0.000E+00
         196      3.959E-07      0.000E+00
         197      3.980E-07      0.000E+00
         198      4.000E-07      0.000E+00
         199      1.000E-06      0.000E+00
 
************ Branch  3 ************
 Block   1 : resistor and inductor in series.
   R2= 0.000E+00   L2= 6.420E-09
 TXT Output Request for block   1.    Variable: Output Current         
  Values on the half time step will be used.
 Block   2 : MITL (geometric setup)
   Circumference= 9.317E-01   Gap= 1.001E-02   Tau= 3.106E-10   Z= 4.049E+00   Tres= 1.000E-10   Eturnon= 2.000E+07
 Block   3 : MITL (geometric setup)
   Circumference= 1.644E+00   Gap= 1.206E-02   Tau= 4.564E-10   Z= 2.766E+00   Tres= 1.000E-10   Eturnon= 2.000E+07
 Block   4 : MITL (geometric setup)
   Circumference= 2.491E+00   Gap= 1.617E-02   Tau= 4.564E-10   Z= 2.447E+00   Tres= 1.000E-10   Eturnon= 2.000E+07
 Block   5 : MITL (geometric setup)
   Circumference= 3.338E+00   Gap= 2.027E-02   Tau= 4.564E-10   Z= 2.290E+00   Tres= 1.000E-10   Eturnon= 2.000E+07
 Block   6 : MITL (geometric setup)
   Circumference= 3.780E+00   Gap= 2.262E-02   Tau= 2.036E-11   Z= 2.256E+00   Tres= 1.000E-10   Eturnon= 2.000E+07
 Block   7 : MITL (geometric setup)
   Circumference= 4.183E+00   Gap= 2.461E-02   Tau= 4.125E-10   Z= 2.218E+00   Tres= 1.000E-10   Eturnon= 2.000E+07
 Block   8 : MITL (geometric setup)
   Circumference= 4.951E+00   Gap= 2.801E-02   Tau= 4.125E-10   Z= 2.133E+00   Tres= 1.000E-10   Eturnon= 2.000E+07
 Block   9 : MITL (geometric setup)
   Circumference= 5.718E+00   Gap= 3.141E-02   Tau= 4.125E-10   Z= 2.071E+00   Tres= 1.000E-10   Eturnon= 2.000E+07
 Block  10 : MITL (geometric setup)
   Circumference= 6.486E+00   Gap= 3.481E-02   Tau= 4.125E-10   Z= 2.023E+00   Tres= 1.000E-10   Eturnon= 2.000E+07
 Block  11 : MITL (geometric setup)
   Circumference= 7.254E+00   Gap= 3.820E-02   Tau= 4.125E-10   Z= 1.986E+00   Tres= 1.000E-10   Eturnon= 2.000E+07
 Block  12 : MITL (geometric setup)
   Circumference= 7.812E+00   Gap= 4.144E-02   Tau= 1.883E-10   Z= 2.000E+00   Tres= 1.000E-10   Eturnon= 2.000E+07
 Block  13 : Transmission line with impedance varying linearly     
   Tau= 9.500E-11   Zin= 2.078E+00   Zout= 2.078E+00   Tres= 5.000E-10
 Block  14 : Transmission line with impedance varying linearly     
   Tau= 2.360E-10   Zin= 2.786E+00   Zout= 2.786E+00   Tres= 5.000E-10
 Block  15 : Transmission line with impedance varying linearly     
   Tau= 2.250E-10   Zin= 4.846E+00   Zout= 4.846E+00   Tres= 5.000E-10
 Block  16 : Transmission line with impedance varying linearly     
   Tau= 2.430E-10   Zin= 7.058E+00   Zout= 7.058E+00   Tres= 5.000E-10
 Block  17 : Transmission line with impedance varying linearly     
   Tau= 2.020E-10   Zin= 9.359E+00   Zout= 9.359E+00   Tres= 5.000E-10
 Block  18 : Transmission line with impedance varying linearly     
   Tau= 1.220E-10   Zin= 1.189E+01   Zout= 1.189E+01   Tres= 5.000E-10
 Block  19 : Transmission line with impedance varying linearly     
   Tau= 1.850E-10   Zin= 1.052E+01   Zout= 1.052E+01   Tres= 5.000E-10
 Block  20 : resistor and capacitor to ground.
   R1= 1.000E+06   C1= 0.000E+00
     R1 is a variable element in block  20
       MFI Insulator CB model  :
  radius = 1.637E+00 dgap = 2.858E-01 gmin = 1.000E-04 gmax = 1.000E+06 xni = 1.000E+00 flash = 0.000E+00
 TXT Output Request for block  20.    Variable: Output Voltage         
  Values on the half time step will be used.
 TXT Output Request for block  20.    Variable: Output Current         
  Values on the half time step will be used.
 TXT Output Request for block  20.    Variable: Output Power           
  Values on the half time step will be used.
 Block  21 : Transmission line with impedance varying linearly     
   Tau= 4.640E-10   Zin= 6.430E+00   Zout= 6.430E+00   Tres= 5.000E-10
 Block  22 : Transmission line with impedance varying linearly     
   Tau= 9.950E-10   Zin= 9.390E-01   Zout= 9.390E-01   Tres= 5.000E-10
 Block  23 : Transmission line with impedance varying linearly     
   Tau= 2.209E-09   Zin= 1.187E+00   Zout= 1.187E+00   Tres= 5.000E-10
 Block  24 : Transmission line with impedance varying linearly     
   Tau= 1.490E-09   Zin= 9.170E-01   Zout= 9.170E-01   Tres= 5.000E-10
 Block  25 : Transmission line with impedance varying linearly     
   Tau= 2.157E-09   Zin= 5.650E-01   Zout= 5.650E-01   Tres= 5.000E-10
 Block  26 : Transmission line with impedance varying linearly     
   Tau= 1.564E-09   Zin= 4.820E-01   Zout= 4.820E-01   Tres= 5.000E-10
 Block  27 : resistor and capacitor to ground.
   R1= 1.827E+02   C1= 0.000E+00
 Block  28 : Transmission line with impedance varying linearly     
   Tau= 2.339E-08   Zin= 4.800E-01   Zout= 4.800E-01   Tres= 5.000E-10
 TXT Output Request for block  28.    Variable: Output Energy          
  Values on the half time step will be used.
 Block  29 : resistor and capacitor to ground.
   R1= 1.142E+02   C1= 0.000E+00
 Block  30 : Transmission line with impedance varying linearly     
   Tau= 9.000E-09   Zin= 4.800E-01   Zout= 4.800E-01   Tres= 5.000E-10
 Block  31 : Transmission line with impedance varying linearly     
   Tau= 4.109E-08   Zin= 4.800E-01   Zout= 4.800E-01   Tres= 5.000E-10
 Block  32 : resistor and capacitor to ground.
   R1= 1.142E+03   C1= 0.000E+00
 TXT Output Request for block  32.    Variable: Output Voltage         
  Values on the half time step will be used.
 TXT Output Request for block  32.    Variable: Output Current         
  Values on the half time step will be used.
 Block  33 : end-of-branch voltage source described as a function of time.
   R2= 4.800E-01   L2= 0.000E+00
     Scale= 1.000E+00   Tdelay= 0.000E+00
     Tabular function:
       Point      Time           Voltage   
           1      0.000E+00      0.000E+00
           2      2.030E-09     -2.141E+03
           3      4.061E-09     -2.623E+03
           4      6.091E-09     -1.702E+03
           5      8.122E-09     -7.571E+02
           6      1.015E-08     -5.536E+02
           7      1.218E-08     -1.328E+03
           8      1.421E-08     -2.393E+03
           9      1.624E-08     -2.615E+03
          10      1.827E-08     -2.131E+03
          11      2.030E-08     -1.354E+03
          12      2.234E-08     -6.188E+02
          13      2.437E-08     -5.815E+01
          14      2.640E-08      1.463E+02
          15      2.843E-08      7.297E+02
          16      3.046E-08      1.742E+03
          17      3.249E-08      2.181E+03
          18      3.452E-08      1.966E+03
          19      3.655E-08      2.037E+03
          20      3.858E-08      2.722E+03
          21      4.061E-08      3.717E+03
          22      4.264E-08      4.949E+03
          23      4.467E-08      6.416E+03
          24      4.670E-08      8.345E+03
          25      4.873E-08      1.109E+04
          26      5.076E-08      1.491E+04
          27      5.279E-08      2.042E+04
          28      5.482E-08      2.793E+04
          29      5.685E-08      3.601E+04
          30      5.888E-08      4.442E+04
          31      6.091E-08      5.422E+04
          32      6.294E-08      6.448E+04
          33      6.497E-08      7.423E+04
          34      6.701E-08      8.436E+04
          35      6.904E-08      9.452E+04
          36      7.107E-08      1.040E+05
          37      7.310E-08      1.117E+05
          38      7.513E-08      1.165E+05
          39      7.716E-08      1.185E+05
          40      7.919E-08      1.180E+05
          41      8.122E-08      1.147E+05
          42      8.325E-08      1.103E+05
          43      8.528E-08      1.061E+05
          44      8.731E-08      1.017E+05
          45      8.934E-08      9.753E+04
          46      9.137E-08      9.482E+04
          47      9.340E-08      9.437E+04
          48      9.543E-08      9.772E+04
          49      9.746E-08      1.076E+05
          50      9.949E-08      1.275E+05
          51      1.015E-07      1.602E+05
          52      1.036E-07      2.076E+05
          53      1.056E-07      2.727E+05
          54      1.076E-07      3.591E+05
          55      1.096E-07      4.697E+05
          56      1.117E-07      6.060E+05
          57      1.137E-07      7.687E+05
          58      1.157E-07      9.573E+05
          59      1.178E-07      1.169E+06
          60      1.198E-07      1.398E+06
          61      1.218E-07      1.639E+06
          62      1.239E-07      1.885E+06
          63      1.259E-07      2.127E+06
          64      1.279E-07      2.358E+06
          65      1.299E-07      2.573E+06
          66      1.320E-07      2.767E+06
          67      1.340E-07      2.935E+06
          68      1.360E-07      3.077E+06
          69      1.381E-07      3.196E+06
          70      1.401E-07      3.292E+06
          71      1.421E-07      3.372E+06
          72      1.442E-07      3.442E+06
          73      1.462E-07      3.508E+06
          74      1.482E-07      3.577E+06
          75      1.503E-07      3.655E+06
          76      1.523E-07      3.743E+06
          77      1.543E-07      3.845E+06
          78      1.563E-07      3.959E+06
          79      1.584E-07      4.086E+06
          80      1.604E-07      4.223E+06
          81      1.624E-07      4.368E+06
          82      1.645E-07      4.515E+06
          83      1.665E-07      4.658E+06
          84      1.685E-07      4.793E+06
          85      1.706E-07      4.917E+06
          86      1.726E-07      5.026E+06
          87      1.746E-07      5.120E+06
          88      1.766E-07      5.198E+06
          89      1.787E-07      5.261E+06
          90      1.807E-07      5.311E+06
          91      1.827E-07      5.348E+06
          92      1.848E-07      5.373E+06
          93      1.868E-07      5.387E+06
          94      1.888E-07      5.392E+06
          95      1.909E-07      5.388E+06
          96      1.929E-07      5.373E+06
          97      1.949E-07      5.345E+06
          98      1.970E-07      5.302E+06
          99      1.990E-07      5.246E+06
         100      2.010E-07      5.178E+06
         101      2.030E-07      5.095E+06
         102      2.051E-07      4.996E+06
         103      2.071E-07      4.879E+06
         104      2.091E-07      4.744E+06
         105      2.112E-07      4.592E+06
         106      2.132E-07      4.427E+06
         107      2.152E-07      4.254E+06
         108      2.173E-07      4.074E+06
         109      2.193E-07      3.890E+06
         110      2.213E-07      3.704E+06
         111      2.234E-07      3.519E+06
         112      2.254E-07      3.339E+06
         113      2.274E-07      3.166E+06
         114      2.294E-07      3.003E+06
         115      2.315E-07      2.850E+06
         116      2.335E-07      2.710E+06
         117      2.355E-07      2.583E+06
         118      2.376E-07      2.468E+06
         119      2.396E-07      2.367E+06
         120      2.416E-07      2.275E+06
         121      2.437E-07      2.192E+06
         122      2.457E-07      2.116E+06
         123      2.477E-07      2.047E+06
         124      2.497E-07      1.986E+06
         125      2.518E-07      1.933E+06
         126      2.538E-07      1.888E+06
         127      2.558E-07      1.852E+06
         128      2.579E-07      1.824E+06
         129      2.599E-07      1.805E+06
         130      2.619E-07      1.795E+06
         131      2.640E-07      1.790E+06
         132      2.660E-07      1.788E+06
         133      2.680E-07      1.786E+06
         134      2.701E-07      1.782E+06
         135      2.721E-07      1.774E+06
         136      2.741E-07      1.761E+06
         137      2.761E-07      1.743E+06
         138      2.782E-07      1.720E+06
         139      2.802E-07      1.696E+06
         140      2.822E-07      1.675E+06
         141      2.843E-07      1.658E+06
         142      2.863E-07      1.643E+06
         143      2.883E-07      1.626E+06
         144      2.904E-07      1.605E+06
         145      2.924E-07      1.581E+06
         146      2.944E-07      1.555E+06
         147      2.964E-07      1.532E+06
         148      2.985E-07      1.515E+06
         149      3.005E-07      1.509E+06
         150      3.025E-07      1.514E+06
         151      3.046E-07      1.530E+06
         152      3.066E-07      1.551E+06
         153      3.086E-07      1.572E+06
         154      3.107E-07      1.590E+06
         155      3.127E-07      1.600E+06
         156      3.147E-07      1.598E+06
         157      3.168E-07      1.591E+06
         158      3.188E-07      1.580E+06
         159      3.208E-07      1.567E+06
         160      3.228E-07      1.552E+06
         161      3.249E-07      1.537E+06
         162      3.269E-07      1.519E+06
         163      3.289E-07      1.500E+06
         164      3.310E-07      1.485E+06
         165      3.330E-07      1.473E+06
         166      3.350E-07      1.469E+06
         167      3.371E-07      1.482E+06
         168      3.391E-07      1.512E+06
         169      3.411E-07      1.556E+06
         170      3.431E-07      1.602E+06
         171      3.452E-07      1.638E+06
         172      3.472E-07      1.658E+06
         173      3.492E-07      1.654E+06
         174      3.513E-07      1.626E+06
         175      3.533E-07      1.575E+06
         176      3.553E-07      1.509E+06
         177      3.574E-07      1.433E+06
         178      3.594E-07      1.352E+06
         179      3.614E-07      1.264E+06
         180      3.635E-07      1.169E+06
         181      3.655E-07      1.068E+06
         182      3.675E-07      9.615E+05
         183      3.695E-07      8.505E+05
         184      3.716E-07      7.378E+05
         185      3.736E-07      6.296E+05
         186      3.756E-07      5.296E+05
         187      3.777E-07      4.381E+05
         188      3.797E-07      3.529E+05
         189      3.817E-07      2.705E+05
         190      3.838E-07      1.876E+05
         191      3.858E-07      1.025E+05
         192      3.878E-07      2.998E+04
         193      3.898E-07      0.000E+00
         194      3.919E-07      0.000E+00
         195      3.939E-07      0.000E+00
         196      3.959E-07      0.000E+00
         197      3.980E-07      0.000E+00
         198      4.000E-07      0.000E+00
         199      1.000E-06      0.000E+00
 
************ Branch  4 ************
 Block   1 : resistor and inductor in series.
   R2= 0.000E+00   L2= 3.700E-09
 TXT Output Request for block   1.    Variable: Output Current         
  Values on the half time step will be used.
 Block   2 : MITL (geometric setup)
   Circumference= 9.552E-01   Gap= 1.001E-02   Tau= 3.114E-10   Z= 3.950E+00   Tres= 1.000E-10   Eturnon= 2.000E+07
 Block   3 : MITL (geometric setup)
   Circumference= 1.676E+00   Gap= 1.202E-02   Tau= 4.605E-10   Z= 2.704E+00   Tres= 1.000E-10   Eturnon= 2.000E+07
 Block   4 : MITL (geometric setup)
   Circumference= 2.536E+00   Gap= 1.604E-02   Tau= 4.605E-10   Z= 2.384E+00   Tres= 1.000E-10   Eturnon= 2.000E+07
 Block   5 : MITL (geometric setup)
   Circumference= 3.397E+00   Gap= 2.006E-02   Tau= 4.605E-10   Z= 2.227E+00   Tres= 1.000E-10   Eturnon= 2.000E+07
 Block   6 : MITL (geometric setup)
   Circumference= 3.958E+00   Gap= 2.235E-02   Tau= 1.399E-10   Z= 2.129E+00   Tres= 1.000E-10   Eturnon= 2.000E+07
 Block   7 : MITL (geometric setup)
   Circumference= 4.495E+00   Gap= 2.449E-02   Tau= 4.356E-10   Z= 2.054E+00   Tres= 1.000E-10   Eturnon= 2.000E+07
 Block   8 : MITL (geometric setup)
   Circumference= 5.309E+00   Gap= 2.820E-02   Tau= 4.356E-10   Z= 2.003E+00   Tres= 1.000E-10   Eturnon= 2.000E+07
 Block   9 : MITL (geometric setup)
   Circumference= 6.123E+00   Gap= 3.192E-02   Tau= 4.356E-10   Z= 1.965E+00   Tres= 1.000E-10   Eturnon= 2.000E+07
 Block  10 : MITL (geometric setup)
   Circumference= 6.937E+00   Gap= 3.563E-02   Tau= 4.356E-10   Z= 1.936E+00   Tres= 1.000E-10   Eturnon= 2.000E+07
 Block  11 : MITL (geometric setup)
   Circumference= 7.751E+00   Gap= 3.934E-02   Tau= 4.356E-10   Z= 1.914E+00   Tres= 1.000E-10   Eturnon= 2.000E+07
 Block  12 : Transmission line with impedance varying linearly     
   Tau= 1.940E-10   Zin= 2.134E+00   Zout= 2.134E+00   Tres= 5.000E-10
 Block  13 : Transmission line with impedance varying linearly     
   Tau= 1.830E-10   Zin= 3.275E+00   Zout= 3.275E+00   Tres= 5.000E-10
 Block  14 : Transmission line with impedance varying linearly     
   Tau= 2.250E-10   Zin= 5.533E+00   Zout= 5.533E+00   Tres= 5.000E-10
 Block  15 : Transmission line with impedance varying linearly     
   Tau= 1.950E-10   Zin= 8.249E+00   Zout= 8.249E+00   Tres= 5.000E-10
 Block  16 : Transmission line with impedance varying linearly     
   Tau= 1.160E-10   Zin= 1.251E+01   Zout= 1.251E+01   Tres= 5.000E-10
 Block  17 : Transmission line with impedance varying linearly     
   Tau= 1.850E-10   Zin= 1.041E+01   Zout= 1.041E+01   Tres= 5.000E-10
 Block  18 : resistor and capacitor to ground.
   R1= 1.000E+06   C1= 0.000E+00
     R1 is a variable element in block  18
       MFI Insulator CB model  :
  radius = 1.637E+00 dgap = 2.858E-01 gmin = 1.000E-04 gmax = 1.000E+06 xni = 1.000E+00 flash = 0.000E+00
 TXT Output Request for block  18.    Variable: Output Voltage         
  Values on the half time step will be used.
 TXT Output Request for block  18.    Variable: Output Current         
  Values on the half time step will be used.
 TXT Output Request for block  18.    Variable: Output Power           
  Values on the half time step will be used.
 Block  19 : Transmission line with impedance varying linearly     
   Tau= 4.640E-10   Zin= 6.430E+00   Zout= 6.430E+00   Tres= 5.000E-10
 Block  20 : Transmission line with impedance varying linearly     
   Tau= 9.950E-10   Zin= 9.390E-01   Zout= 9.390E-01   Tres= 5.000E-10
 Block  21 : Transmission line with impedance varying linearly     
   Tau= 2.209E-09   Zin= 1.187E+00   Zout= 1.187E+00   Tres= 5.000E-10
 Block  22 : Transmission line with impedance varying linearly     
   Tau= 1.490E-09   Zin= 9.170E-01   Zout= 9.170E-01   Tres= 5.000E-10
 Block  23 : Transmission line with impedance varying linearly     
   Tau= 2.157E-09   Zin= 5.650E-01   Zout= 5.650E-01   Tres= 5.000E-10
 Block  24 : Transmission line with impedance varying linearly     
   Tau= 1.564E-09   Zin= 4.820E-01   Zout= 4.820E-01   Tres= 5.000E-10
 Block  25 : resistor and capacitor to ground.
   R1= 1.827E+02   C1= 0.000E+00
 Block  26 : Transmission line with impedance varying linearly     
   Tau= 2.332E-08   Zin= 4.800E-01   Zout= 4.800E-01   Tres= 5.000E-10
 TXT Output Request for block  26.    Variable: Output Energy          
  Values on the half time step will be used.
 Block  27 : resistor and capacitor to ground.
   R1= 1.142E+02   C1= 0.000E+00
 Block  28 : Transmission line with impedance varying linearly     
   Tau= 1.100E-08   Zin= 4.800E-01   Zout= 4.800E-01   Tres= 5.000E-10
 Block  29 : Transmission line with impedance varying linearly     
   Tau= 3.847E-08   Zin= 4.800E-01   Zout= 4.800E-01   Tres= 5.000E-10
 Block  30 : resistor and capacitor to ground.
   R1= 1.142E+03   C1= 0.000E+00
 TXT Output Request for block  30.    Variable: Output Voltage         
  Values on the half time step will be used.
 TXT Output Request for block  30.    Variable: Output Current         
  Values on the half time step will be used.
 Block  31 : end-of-branch voltage source described as a function of time.
   R2= 4.800E-01   L2= 0.000E+00
     Scale= 1.000E+00   Tdelay= 0.000E+00
     Tabular function:
       Point      Time           Voltage   
           1      0.000E+00      0.000E+00
           2      2.030E-09     -2.141E+03
           3      4.061E-09     -2.623E+03
           4      6.091E-09     -1.702E+03
           5      8.122E-09     -7.571E+02
           6      1.015E-08     -5.536E+02
           7      1.218E-08     -1.328E+03
           8      1.421E-08     -2.393E+03
           9      1.624E-08     -2.615E+03
          10      1.827E-08     -2.131E+03
          11      2.030E-08     -1.354E+03
          12      2.234E-08     -6.188E+02
          13      2.437E-08     -5.815E+01
          14      2.640E-08      1.463E+02
          15      2.843E-08      7.297E+02
          16      3.046E-08      1.742E+03
          17      3.249E-08      2.181E+03
          18      3.452E-08      1.966E+03
          19      3.655E-08      2.037E+03
          20      3.858E-08      2.722E+03
          21      4.061E-08      3.717E+03
          22      4.264E-08      4.949E+03
          23      4.467E-08      6.416E+03
          24      4.670E-08      8.345E+03
          25      4.873E-08      1.109E+04
          26      5.076E-08      1.491E+04
          27      5.279E-08      2.042E+04
          28      5.482E-08      2.793E+04
          29      5.685E-08      3.601E+04
          30      5.888E-08      4.442E+04
          31      6.091E-08      5.422E+04
          32      6.294E-08      6.448E+04
          33      6.497E-08      7.423E+04
          34      6.701E-08      8.436E+04
          35      6.904E-08      9.452E+04
          36      7.107E-08      1.040E+05
          37      7.310E-08      1.117E+05
          38      7.513E-08      1.165E+05
          39      7.716E-08      1.185E+05
          40      7.919E-08      1.180E+05
          41      8.122E-08      1.147E+05
          42      8.325E-08      1.103E+05
          43      8.528E-08      1.061E+05
          44      8.731E-08      1.017E+05
          45      8.934E-08      9.753E+04
          46      9.137E-08      9.482E+04
          47      9.340E-08      9.437E+04
          48      9.543E-08      9.772E+04
          49      9.746E-08      1.076E+05
          50      9.949E-08      1.275E+05
          51      1.015E-07      1.602E+05
          52      1.036E-07      2.076E+05
          53      1.056E-07      2.727E+05
          54      1.076E-07      3.591E+05
          55      1.096E-07      4.697E+05
          56      1.117E-07      6.060E+05
          57      1.137E-07      7.687E+05
          58      1.157E-07      9.573E+05
          59      1.178E-07      1.169E+06
          60      1.198E-07      1.398E+06
          61      1.218E-07      1.639E+06
          62      1.239E-07      1.885E+06
          63      1.259E-07      2.127E+06
          64      1.279E-07      2.358E+06
          65      1.299E-07      2.573E+06
          66      1.320E-07      2.767E+06
          67      1.340E-07      2.935E+06
          68      1.360E-07      3.077E+06
          69      1.381E-07      3.196E+06
          70      1.401E-07      3.292E+06
          71      1.421E-07      3.372E+06
          72      1.442E-07      3.442E+06
          73      1.462E-07      3.508E+06
          74      1.482E-07      3.577E+06
          75      1.503E-07      3.655E+06
          76      1.523E-07      3.743E+06
          77      1.543E-07      3.845E+06
          78      1.563E-07      3.959E+06
          79      1.584E-07      4.086E+06
          80      1.604E-07      4.223E+06
          81      1.624E-07      4.368E+06
          82      1.645E-07      4.515E+06
          83      1.665E-07      4.658E+06
          84      1.685E-07      4.793E+06
          85      1.706E-07      4.917E+06
          86      1.726E-07      5.026E+06
          87      1.746E-07      5.120E+06
          88      1.766E-07      5.198E+06
          89      1.787E-07      5.261E+06
          90      1.807E-07      5.311E+06
          91      1.827E-07      5.348E+06
          92      1.848E-07      5.373E+06
          93      1.868E-07      5.387E+06
          94      1.888E-07      5.392E+06
          95      1.909E-07      5.388E+06
          96      1.929E-07      5.373E+06
          97      1.949E-07      5.345E+06
          98      1.970E-07      5.302E+06
          99      1.990E-07      5.246E+06
         100      2.010E-07      5.178E+06
         101      2.030E-07      5.095E+06
         102      2.051E-07      4.996E+06
         103      2.071E-07      4.879E+06
         104      2.091E-07      4.744E+06
         105      2.112E-07      4.592E+06
         106      2.132E-07      4.427E+06
         107      2.152E-07      4.254E+06
         108      2.173E-07      4.074E+06
         109      2.193E-07      3.890E+06
         110      2.213E-07      3.704E+06
         111      2.234E-07      3.519E+06
         112      2.254E-07      3.339E+06
         113      2.274E-07      3.166E+06
         114      2.294E-07      3.003E+06
         115      2.315E-07      2.850E+06
         116      2.335E-07      2.710E+06
         117      2.355E-07      2.583E+06
         118      2.376E-07      2.468E+06
         119      2.396E-07      2.367E+06
         120      2.416E-07      2.275E+06
         121      2.437E-07      2.192E+06
         122      2.457E-07      2.116E+06
         123      2.477E-07      2.047E+06
         124      2.497E-07      1.986E+06
         125      2.518E-07      1.933E+06
         126      2.538E-07      1.888E+06
         127      2.558E-07      1.852E+06
         128      2.579E-07      1.824E+06
         129      2.599E-07      1.805E+06
         130      2.619E-07      1.795E+06
         131      2.640E-07      1.790E+06
         132      2.660E-07      1.788E+06
         133      2.680E-07      1.786E+06
         134      2.701E-07      1.782E+06
         135      2.721E-07      1.774E+06
         136      2.741E-07      1.761E+06
         137      2.761E-07      1.743E+06
         138      2.782E-07      1.720E+06
         139      2.802E-07      1.696E+06
         140      2.822E-07      1.675E+06
         141      2.843E-07      1.658E+06
         142      2.863E-07      1.643E+06
         143      2.883E-07      1.626E+06
         144      2.904E-07      1.605E+06
         145      2.924E-07      1.581E+06
         146      2.944E-07      1.555E+06
         147      2.964E-07      1.532E+06
         148      2.985E-07      1.515E+06
         149      3.005E-07      1.509E+06
         150      3.025E-07      1.514E+06
         151      3.046E-07      1.530E+06
         152      3.066E-07      1.551E+06
         153      3.086E-07      1.572E+06
         154      3.107E-07      1.590E+06
         155      3.127E-07      1.600E+06
         156      3.147E-07      1.598E+06
         157      3.168E-07      1.591E+06
         158      3.188E-07      1.580E+06
         159      3.208E-07      1.567E+06
         160      3.228E-07      1.552E+06
         161      3.249E-07      1.537E+06
         162      3.269E-07      1.519E+06
         163      3.289E-07      1.500E+06
         164      3.310E-07      1.485E+06
         165      3.330E-07      1.473E+06
         166      3.350E-07      1.469E+06
         167      3.371E-07      1.482E+06
         168      3.391E-07      1.512E+06
         169      3.411E-07      1.556E+06
         170      3.431E-07      1.602E+06
         171      3.452E-07      1.638E+06
         172      3.472E-07      1.658E+06
         173      3.492E-07      1.654E+06
         174      3.513E-07      1.626E+06
         175      3.533E-07      1.575E+06
         176      3.553E-07      1.509E+06
         177      3.574E-07      1.433E+06
         178      3.594E-07      1.352E+06
         179      3.614E-07      1.264E+06
         180      3.635E-07      1.169E+06
         181      3.655E-07      1.068E+06
         182      3.675E-07      9.615E+05
         183      3.695E-07      8.505E+05
         184      3.716E-07      7.378E+05
         185      3.736E-07      6.296E+05
         186      3.756E-07      5.296E+05
         187      3.777E-07      4.381E+05
         188      3.797E-07      3.529E+05
         189      3.817E-07      2.705E+05
         190      3.838E-07      1.876E+05
         191      3.858E-07      1.025E+05
         192      3.878E-07      2.998E+04
         193      3.898E-07      0.000E+00
         194      3.919E-07      0.000E+00
         195      3.939E-07      0.000E+00
         196      3.959E-07      0.000E+00
         197      3.980E-07      0.000E+00
         198      4.000E-07      0.000E+00
         199      1.000E-06      0.000E+00
 
********************************************************************************
Initial SCREAMER Circuit Status                                                 
********************************************************************************
 

Time =  0.000E+00     Cycle =       0
Energy from all sources:                           0.0000E+00
L*I*I/2    energy stored in inductors:             0.0000E+00
C*V*V/2    energy stored in capacitors:            0.0000E+00
G*V*V      energy dissipated in shunt resistors:   0.0000E+00
R*I*I      energy dissipated in series resistors:  0.0000E+00
Ldot*I*I/2 energy in variable inductors:           0.0000E+00
Cdot*V*V/2 energy in variable capacitors:          0.0000E+00
Relative error in energy sum:                      0.0000E+00
 
********************************************************************************
SCREAMER Circuit Status for t > 0                                               
********************************************************************************
 

 ------------------------------------------------------------
 Foil radius has reached the minimum value.
   time:              3.095E-07
   minimum radius:    1.000E-03
   maximum KE:        1.244E+06
   peak velocity:    -7.798E+05
   peak current:      1.850E+07
 ------------------------------------------------------------


Time =  4.000E-07     Cycle =   40000
Energy from all sources:                           9.1558E+06
L*I*I/2    energy stored in inductors:             2.6268E+06
C*V*V/2    energy stored in capacitors:            3.4828E+04
G*V*V      energy dissipated in shunt resistors:   5.3350E+05
R*I*I      energy dissipated in series resistors:  7.2053E+06
Ldot*I*I/2 energy in variable inductors:          -1.2426E+06
Cdot*V*V/2 energy in variable capacitors:          0.0000E+00
Relative error in energy sum:                      2.0498E-04
 
********************************************************************************
End of Simulation                                                               
********************************************************************************
 

The SCREAMER input file used: z51.txt                                                                         
 Current time: 15:21
 Run time:    1.629 seconds
SCREAMER v4.4.3
